<?xml version="1.0" encoding="UTF-8"?>
<!-- Generated by org.testng.reporters.JUnitXMLReporter -->
<testsuite ignored="0" hostname="L295-W-MARIRAJP" failures="0" tests="8" name="Default test" time="177.015" errors="0" timestamp="2022-07-06T20:52:44 IST">
  <testcase classname="SRSproject.SRSproject.StoreLocatorsPageTest" name="AllBranchValidation" time="34.763"/>
  <testcase classname="SRSproject.SRSproject.StoreLocatorsPageTest" name="SelectBranch_RedirectionValidation" time="15.146"/>
  <testcase classname="SRSproject.SRSproject.StoreLocatorsPageTest" name="LocationBasedBranchValidation" time="13.129"/>
  <testcase classname="SRSproject.SRSproject.StoreLocatorsPageTest" name="ZipcodeBasedBranchValidation" time="14.24"/>
  <testcase classname="SRSproject.SRSproject.StoreLocatorsPageTest" name="GetDirection_RedirectionValidation" time="16.955"/>
  <testcase classname="SRSproject.SRSproject.StoreLocatorsPageTest" name="InValidLocationSearch_Validation" time="15.187"/>
  <testcase classname="SRSproject.SRSproject.StoreLocatorsPageTest" name="ChangeBranchDisplayed_LoggedInUser_Validation" time="20.164"/>
  <testcase classname="SRSproject.SRSproject.StoreLocatorsPageTest" name="ChangingBranch_Validation" time="42.705"/>
</testsuite> <!-- Default test -->
