<?xml version="1.0" encoding="UTF-8"?>
<!-- Generated by org.testng.reporters.JUnitXMLReporter -->
<testsuite ignored="0" hostname="L295-W-MARIRAJP" failures="0" tests="9" name="Default test" time="287.828" errors="0" timestamp="2022-06-28T09:13:06 IST">
  <testcase classname="SRSproject.SRSproject.ReorderpadEditaccesrightsTest" name="ReorderPage_Redirection" time="33.742"/>
  <testcase classname="SRSproject.SRSproject.ReorderpadEditaccesrightsTest" name="UploadFile_Redirection_add_a_product_using_search" time="34.632"/>
  <testcase classname="SRSproject.SRSproject.ReorderpadEditaccesrightsTest" name="SaveAnReorderList_Validation" time="15.121"/>
  <testcase classname="SRSproject.SRSproject.ReorderpadEditaccesrightsTest" name="View_Validation_Reorderpad_to_cart" time="43.208"/>
  <testcase classname="SRSproject.SRSproject.ReorderpadEditaccesrightsTest" name="Add_to_Reorder_Pad_in_cartPage" time="69.104"/>
  <testcase classname="SRSproject.SRSproject.ReorderpadEditaccesrightsTest" name="Add_Product_to_ReorderPad_from_PLP" time="19.981"/>
  <testcase classname="SRSproject.SRSproject.ReorderpadEditaccesrightsTest" name="Add_Product_to_ReorderPad_from_PDP" time="20.471"/>
  <testcase classname="SRSproject.SRSproject.ReorderpadEditaccesrightsTest" name="Add_Product_to_ReorderPad_from_Invoice" time="30.771"/>
  <testcase classname="SRSproject.SRSproject.ReorderpadEditaccesrightsTest" name="Add_Product_to_ReorderPad_from_Open_order" time="16.475"/>
</testsuite> <!-- Default test -->
