<?xml version="1.0" encoding="UTF-8"?>
<!-- Generated by org.testng.reporters.JUnitXMLReporter -->
<testsuite ignored="0" hostname="L295-W-MARIRAJP" failures="0" tests="9" name="Default test" time="241.764" errors="0" timestamp="2022-07-11T18:52:11 IST">
  <testcase classname="SRSproject.SRSproject.InvoiceTest" name="invoices" time="58.309"/>
  <testcase classname="SRSproject.SRSproject.InvoiceTest" name="DropdownPagesSelected" time="0.123"/>
  <testcase classname="SRSproject.SRSproject.InvoiceTest" name="InvoiceSearchUsingInvoice_No_Po_No" time="33.591"/>
  <testcase classname="SRSproject.SRSproject.InvoiceTest" name="InvoiceNumbervalidation" time="14.028"/>
  <testcase classname="SRSproject.SRSproject.InvoiceTest" name="CheckBox" time="27.753"/>
  <testcase classname="SRSproject.SRSproject.InvoiceTest" name="Invoice_SecondPage_Listing" time="24.558"/>
  <testcase classname="SRSproject.SRSproject.InvoiceTest" name="DownlodFileInvoiceCSV" time="45.823"/>
  <testcase classname="SRSproject.SRSproject.InvoiceTest" name="DownlodFileInvoiceXL" time="26.869"/>
  <testcase classname="SRSproject.SRSproject.InvoiceTest" name="Downloaded_File_validation" time="7.12"/>
</testsuite> <!-- Default test -->
