<?xml version="1.0" encoding="UTF-8"?>
<!-- Generated by org.testng.reporters.JUnitXMLReporter -->
<testsuite ignored="0" hostname="L295-W-MARIRAJP" failures="0" tests="8" name="Default test" time="233.304" errors="0" timestamp="2022-07-07T16:25:50 IST">
  <testcase classname="SRSproject.SRSproject.ReorderPadViewAccessrights" name="ReorderPage_Redirection" time="32.083"/>
  <testcase classname="SRSproject.SRSproject.ReorderPadViewAccessrights" name="UploadCSV_and_share_acess_is_enabled_or_not" time="0.042"/>
  <testcase classname="SRSproject.SRSproject.ReorderPadViewAccessrights" name="View_Validation_add_ReorderpadProducts_to_cart" time="52.787"/>
  <testcase classname="SRSproject.SRSproject.ReorderPadViewAccessrights" name="Add_to_Reorder_Pad_from_cartPage" time="63.914"/>
  <testcase classname="SRSproject.SRSproject.ReorderPadViewAccessrights" name="Add_Product_to_ReorderPad_from_PLP" time="20.043"/>
  <testcase classname="SRSproject.SRSproject.ReorderPadViewAccessrights" name="Add_Product_to_ReorderPad_from_PDP" time="19.991"/>
  <testcase classname="SRSproject.SRSproject.ReorderPadViewAccessrights" name="Add_Product_to_ReorderPad_from_Invoice" time="26.907"/>
  <testcase classname="SRSproject.SRSproject.ReorderPadViewAccessrights" name="Add_Product_to_ReorderPad_from_Open_order" time="14.007"/>
</testsuite> <!-- Default test -->
