<?xml version="1.0" encoding="UTF-8"?>
<!-- Generated by org.testng.reporters.JUnitXMLReporter -->
<testsuite ignored="0" hostname="L295-W-MARIRAJP" failures="0" tests="12" name="Default test" time="368.13" errors="0" timestamp="2022-07-15T09:45:20 IST">
  <testcase classname="SRSproject.SRSproject.CartPageTest" name="MiniCartToCartPage_Redirection" time="100.431"/>
  <testcase classname="SRSproject.SRSproject.CartPageTest" name="ProductInformationValidation" time="28.048"/>
  <testcase classname="SRSproject.SRSproject.CartPageTest" name="CartSubtotalValidationfn" time="2.4"/>
  <testcase classname="SRSproject.SRSproject.CartPageTest" name="CartUpdateValidation" time="8.314"/>
  <testcase classname="SRSproject.SRSproject.CartPageTest" name="UOM_Validation" time="7.04"/>
  <testcase classname="SRSproject.SRSproject.CartPageTest" name="AddItemToCart_Validation" time="63.593"/>
  <testcase classname="SRSproject.SRSproject.CartPageTest" name="Inventory_Count" time="0.077"/>
  <testcase classname="SRSproject.SRSproject.CartPageTest" name="Backorder_Warning" time="9.339"/>
  <testcase classname="SRSproject.SRSproject.CartPageTest" name="Leagacy_PartNo_Validation" time="26.949"/>
  <testcase classname="SRSproject.SRSproject.CartPageTest" name="QuatityCount_Displayed_Validation" time="0.097"/>
  <testcase classname="SRSproject.SRSproject.CartPageTest" name="Reorder_Validation" time="29.53"/>
  <testcase classname="SRSproject.SRSproject.CartPageTest" name="AddItemToCart_ValidationTo_Reorder" time="87.94"/>
</testsuite> <!-- Default test -->
