<?xml version="1.0" encoding="UTF-8"?>
<!-- Generated by org.testng.reporters.JUnitXMLReporter -->
<testsuite ignored="0" hostname="L295-W-MARIRAJP" failures="0" tests="12" name="Default test" time="280.39" errors="0" timestamp="2022-07-06T17:57:42 IST">
  <testcase classname="SRSproject.SRSproject.CartPageTest" name="MiniCartToCartPage_Redirection" time="40.705"/>
  <testcase classname="SRSproject.SRSproject.CartPageTest" name="ProductInformationValidation" time="24.284"/>
  <testcase classname="SRSproject.SRSproject.CartPageTest" name="CartSubtotalValidationfn" time="2.248"/>
  <testcase classname="SRSproject.SRSproject.CartPageTest" name="CartUpdateValidation" time="8.174"/>
  <testcase classname="SRSproject.SRSproject.CartPageTest" name="UOM_Validation" time="7.029"/>
  <testcase classname="SRSproject.SRSproject.CartPageTest" name="AddItemToCart_Validation" time="63.282"/>
  <testcase classname="SRSproject.SRSproject.CartPageTest" name="Inventory_Count" time="0.035"/>
  <testcase classname="SRSproject.SRSproject.CartPageTest" name="Backorder_Warning" time="3.045"/>
  <testcase classname="SRSproject.SRSproject.CartPageTest" name="Leagacy_PartNo_Validation" time="26.698"/>
  <testcase classname="SRSproject.SRSproject.CartPageTest" name="QuatityCount_Displayed_Validation" time="0.06"/>
  <testcase classname="SRSproject.SRSproject.CartPageTest" name="Reorder_Validation" time="23.246"/>
  <testcase classname="SRSproject.SRSproject.CartPageTest" name="AddItemToCart_ValidationTo_Reorder" time="77.971"/>
</testsuite> <!-- Default test -->
