<?xml version="1.0" encoding="UTF-8"?>
<!-- Generated by org.testng.reporters.JUnitXMLReporter -->
<testsuite ignored="0" hostname="L295-W-MARIRAJP" failures="0" tests="8" name="Default test" time="252.276" errors="0" timestamp="2022-07-13T18:13:59 IST">
  <testcase classname="SRSproject.SRSproject.ReorderPage_Test" name="ReorderPage_Redirection" time="33.644"/>
  <testcase classname="SRSproject.SRSproject.ReorderPage_Test" name="UploadFile_Redirection" time="27.929"/>
  <testcase classname="SRSproject.SRSproject.ReorderPage_Test" name="UOM_Validation" time="5.227"/>
  <testcase classname="SRSproject.SRSproject.ReorderPage_Test" name="SaveAnReorderList_Validation" time="11.828"/>
  <testcase classname="SRSproject.SRSproject.ReorderPage_Test" name="CreateNewReorder_Redirection" time="18.886"/>
  <testcase classname="SRSproject.SRSproject.ReorderPage_Test" name="CreateNew_ReorderPad_AndLegacySearch_Validation" time="31.507"/>
  <testcase classname="SRSproject.SRSproject.ReorderPage_Test" name="View_Validation" time="65.314"/>
  <testcase classname="SRSproject.SRSproject.ReorderPage_Test" name="InvalidFile_Validation" time="53.889"/>
</testsuite> <!-- Default test -->
