<?xml version="1.0" encoding="UTF-8"?>
<!-- Generated by org.testng.reporters.JUnitXMLReporter -->
<testsuite ignored="3" hostname="L295-W-MARIRAJP" failures="0" tests="1" name="Default test" time="11.88" errors="0" timestamp="2022-05-06T17:29:11 IST">
  <testcase classname="SRSproject.SRSproject.LoginTest" name="UnApprovedLoginValidation" time="11.853"/>
  <testcase classname="SRSproject.SRSproject.LoginTest" name="LoginFromPLP" time="0.0">
    <ignored/>
  </testcase> <!-- LoginFromPLP -->
  <testcase classname="SRSproject.SRSproject.LoginTest" name="LoginValidation" time="0.0">
    <ignored/>
  </testcase> <!-- LoginValidation -->
  <testcase classname="SRSproject.SRSproject.LoginTest" name="LoginFromPDP" time="0.0">
    <ignored/>
  </testcase> <!-- LoginFromPDP -->
</testsuite> <!-- Default test -->
