<?xml version="1.0" encoding="UTF-8"?>
<!-- Generated by org.testng.reporters.JUnitXMLReporter -->
<testsuite ignored="0" hostname="L295-W-MARIRAJP" failures="0" tests="6" name="Default test" time="421.227" errors="0" timestamp="2022-07-11T20:10:20 IST">
  <testcase classname="SRSproject.SRSproject.LoginTest" name="LoginValidation" time="60.617"/>
  <testcase classname="SRSproject.SRSproject.LoginTest" name="invalidLoginValidation" time="41.797"/>
  <testcase classname="SRSproject.SRSproject.LoginTest" name="UnApprovedLoginValidation" time="39.199"/>
  <testcase classname="SRSproject.SRSproject.LoginTest" name="LoginFromPLP" time="64.355"/>
  <testcase classname="SRSproject.SRSproject.LoginTest" name="LoginFromPDP" time="70.283"/>
  <testcase classname="SRSproject.SRSproject.LoginTest" name="UnAuthorisedLogin" time="109.735"/>
</testsuite> <!-- Default test -->
