<?xml version="1.0" encoding="UTF-8"?>
<!-- Generated by org.testng.reporters.JUnitXMLReporter -->
<testsuite ignored="0" hostname="L295-W-MARIRAJP" failures="0" tests="6" name="Default test" time="139.737" errors="0" timestamp="2022-05-11T17:50:56 IST">
  <testcase classname="SRSproject.SRSproject.CartPageTest" name="MiniCartToCartPage_Redirection" time="54.85"/>
  <testcase classname="SRSproject.SRSproject.CartPageTest" name="ProductInformationValidation" time="24.586"/>
  <testcase classname="SRSproject.SRSproject.CartPageTest" name="CartSubtotalValidationfn" time="0.313"/>
  <testcase classname="SRSproject.SRSproject.CartPageTest" name="CartUpdateValidation" time="8.239"/>
  <testcase classname="SRSproject.SRSproject.CartPageTest" name="AddItemToCart_Validation" time="28.346"/>
  <testcase classname="SRSproject.SRSproject.CartPageTest" name="Reorder_Validation" time="23.375"/>
</testsuite> <!-- Default test -->
