<?xml version="1.0" encoding="UTF-8"?>
<!-- Generated by org.testng.reporters.JUnitXMLReporter -->
<testsuite ignored="1" hostname="L295-W-MARIRAJP" failures="1" tests="1" name="Test" time="60.408" errors="0" timestamp="2022-07-04T14:14:57 IST">
  <testcase classname="SRSproject.SRSproject.ChangeBranch_shipto_Test" name="Change_Shito_Validation" time="55.989">
    <failure type="java.lang.AssertionError" message="expected [null] but found [MALONE CONSTRUCTION ENTERPRISE, 9113 BELLE FLEURS COVE, CORDOVA, TN, 38018]">
      <![CDATA[java.lang.AssertionError: expected [null] but found [MALONE CONSTRUCTION ENTERPRISE, 9113 BELLE FLEURS COVE, CORDOVA, TN, 38018]
at SRSproject.SRSproject.ChangeBranch_shipto_Test.Change_Shito_Validation(ChangeBranch_shipto_Test.java:26)
at java.base/java.util.ArrayList.forEach(ArrayList.java:1511)
... Removed 33 stack frames]]>
    </failure>
  </testcase> <!-- Change_Shito_Validation -->
  <testcase classname="SRSproject.SRSproject.ChangeBranch_shipto_Test" name="ChangeBranch_Validation" time="0.0">
    <ignored/>
  </testcase> <!-- ChangeBranch_Validation -->
</testsuite> <!-- Test -->
