<?xml version="1.0" encoding="UTF-8"?>
<testsuite xmlns:xsi="http://www.w3.org/2001/XMLSchema-instance" xsi:noNamespaceSchemaLocation="https://maven.apache.org/surefire/maven-surefire-plugin/xsd/surefire-test-report-3.0.xsd" version="3.0" name="TestSuite" time="950.12" tests="33" errors="0" skipped="0" failures="5">
  <properties>
[...]
</properties>
  <testcase name="PLP_RegisterRedirection_GuestValidation" classname="SRSproject.SRSproject.ProductListPageTest" time="31.211">
    <system-out><![CDATA[Test Suite started!
PLP_RegisterRedirection_GuestValidation started!
]]></system-out>
    <system-err><![CDATA[Starting ChromeDriver 101.0.4951.41 (93c720db8323b3ec10d056025ab95c23a31997c9-refs/branch-heads/4951@{#904}) on port 28076
Only local connections are allowed.
Please see https://chromedriver.chromium.org/security-considerations for suggestions on keeping ChromeDriver safe.
ChromeDriver was started successfully.
May 12, 2022 9:24:55 AM org.openqa.selenium.remote.ProtocolHandshake createSession
INFO: Detected dialect: W3C
Starting ChromeDriver 101.0.4951.41 (93c720db8323b3ec10d056025ab95c23a31997c9-refs/branch-heads/4951@{#904}) on port 12424
Only local connections are allowed.
Please see https://chromedriver.chromium.org/security-considerations for suggestions on keeping ChromeDriver safe.
ChromeDriver was started successfully.
May 12, 2022 9:24:59 AM org.openqa.selenium.remote.ProtocolHandshake createSession
INFO: Detected dialect: W3C
]]></system-err>
  </testcase>
  <testcase name="AddToCart_Validation" classname="SRSproject.SRSproject.ProductListPageTest" time="58.129">
    <system-out><![CDATA[AddToCart_Validation started!
has been added to your cart
]]></system-out>
    <system-err><![CDATA[Starting ChromeDriver 101.0.4951.41 (93c720db8323b3ec10d056025ab95c23a31997c9-refs/branch-heads/4951@{#904}) on port 26003
Only local connections are allowed.
Please see https://chromedriver.chromium.org/security-considerations for suggestions on keeping ChromeDriver safe.
ChromeDriver was started successfully.
May 12, 2022 9:25:30 AM org.openqa.selenium.remote.ProtocolHandshake createSession
INFO: Detected dialect: W3C
]]></system-err>
  </testcase>
  <testcase name="PDP_RegisterRedirection_GuestValidation" classname="SRSproject.SRSproject.ProductDetailPageTest" time="28.046">
    <failure message="element click intercepted: Element &lt;a href=&quot;https://qps-stg2.heritagepoolplus.com/pentair-stud-1-2-13x11-2-lg-303ss-30747-0152-30747-0152&quot; class=&quot;product photo product-item-photo&quot; tabindex=&quot;-1&quot;&gt;...&lt;/a&gt; is not clickable at point (495, 398). Other element would receive the click: &lt;ul class=&quot;level1 submenu ui-menu ui-widget ui-widget-content ui-corner-all expanded&quot; role=&quot;menu&quot; aria-expanded=&quot;true&quot; style=&quot;display: block; height: 1700px; top: 441px; left: 0px;&quot;&gt;...&lt;/ul&gt;&#10;  (Session info: chrome=101.0.4951.54)&#10;Build info: version: &apos;3.141.59&apos;, revision: &apos;e82be7d358&apos;, time: &apos;2018-11-14T08:17:03&apos;&#10;System info: host: &apos;L295-W-MARIRAJP&apos;, ip: &apos;192.168.1.4&apos;, os.name: &apos;Windows 10&apos;, os.arch: &apos;amd64&apos;, os.version: &apos;10.0&apos;, java.version: &apos;17.0.1&apos;&#10;Driver info: org.openqa.selenium.chrome.ChromeDriver&#10;Capabilities {acceptInsecureCerts: false, browserName: chrome, browserVersion: 101.0.4951.54, chrome: {chromedriverVersion: 101.0.4951.41 (93c720db8323..., userDataDir: C:\Users\DELL\AppData\Local...}, goog:chromeOptions: {debuggerAddress: localhost:59323}, javascriptEnabled: true, networkConnectionEnabled: false, pageLoadStrategy: normal, platform: WINDOWS, platformName: WINDOWS, proxy: Proxy(), setWindowRect: true, strictFileInteractability: false, timeouts: {implicit: 0, pageLoad: 300000, script: 30000}, unhandledPromptBehavior: dismiss and notify, webauthn:extension:credBlob: true, webauthn:extension:largeBlob: true, webauthn:virtualAuthenticators: true}&#10;Session ID: 914262fdd91d34c8cc77f10f8e76a2a8" type="org.openqa.selenium.ElementClickInterceptedException"><![CDATA[org.openqa.selenium.ElementClickInterceptedException: 
element click intercepted: Element <a href="https://qps-stg2.heritagepoolplus.com/pentair-stud-1-2-13x11-2-lg-303ss-30747-0152-30747-0152" class="product photo product-item-photo" tabindex="-1">...</a> is not clickable at point (495, 398). Other element would receive the click: <ul class="level1 submenu ui-menu ui-widget ui-widget-content ui-corner-all expanded" role="menu" aria-expanded="true" style="display: block; height: 1700px; top: 441px; left: 0px;">...</ul>
  (Session info: chrome=101.0.4951.54)
Build info: version: '3.141.59', revision: 'e82be7d358', time: '2018-11-14T08:17:03'
System info: host: 'L295-W-MARIRAJP', ip: '192.168.1.4', os.name: 'Windows 10', os.arch: 'amd64', os.version: '10.0', java.version: '17.0.1'
Driver info: org.openqa.selenium.chrome.ChromeDriver
Capabilities {acceptInsecureCerts: false, browserName: chrome, browserVersion: 101.0.4951.54, chrome: {chromedriverVersion: 101.0.4951.41 (93c720db8323..., userDataDir: C:\Users\DELL\AppData\Local...}, goog:chromeOptions: {debuggerAddress: localhost:59323}, javascriptEnabled: true, networkConnectionEnabled: false, pageLoadStrategy: normal, platform: WINDOWS, platformName: WINDOWS, proxy: Proxy(), setWindowRect: true, strictFileInteractability: false, timeouts: {implicit: 0, pageLoad: 300000, script: 30000}, unhandledPromptBehavior: dismiss and notify, webauthn:extension:credBlob: true, webauthn:extension:largeBlob: true, webauthn:virtualAuthenticators: true}
Session ID: 914262fdd91d34c8cc77f10f8e76a2a8
	at SRSproject.SRSproject.ProductDetailPageTest.PDP_RegisterRedirection_GuestValidation(ProductDetailPageTest.java:45)
]]></failure>
    <system-out><![CDATA[PDP_RegisterRedirection_GuestValidation started!
]]></system-out>
    <system-err><![CDATA[Starting ChromeDriver 101.0.4951.41 (93c720db8323b3ec10d056025ab95c23a31997c9-refs/branch-heads/4951@{#904}) on port 30372
Only local connections are allowed.
Please see https://chromedriver.chromium.org/security-considerations for suggestions on keeping ChromeDriver safe.
ChromeDriver was started successfully.
May 12, 2022 9:26:28 AM org.openqa.selenium.remote.ProtocolHandshake createSession
INFO: Detected dialect: W3C
]]></system-err>
  </testcase>
  <testcase name="AddingItemToCart" classname="SRSproject.SRSproject.ProductDetailPageTest" time="64.323">
    <system-out><![CDATA[AddingItemToCart started!
has been added to your cart
]]></system-out>
    <system-err><![CDATA[Starting ChromeDriver 101.0.4951.41 (93c720db8323b3ec10d056025ab95c23a31997c9-refs/branch-heads/4951@{#904}) on port 8797
Only local connections are allowed.
Please see https://chromedriver.chromium.org/security-considerations for suggestions on keeping ChromeDriver safe.
ChromeDriver was started successfully.
May 12, 2022 9:26:56 AM org.openqa.selenium.remote.ProtocolHandshake createSession
INFO: Detected dialect: W3C
]]></system-err>
  </testcase>
  <testcase name="MiniCartToCartPage_Redirection" classname="SRSproject.SRSproject.CartPageTest" time="79.4">
    <system-out><![CDATA[MiniCartToCartPage_Redirection started!
]]></system-out>
    <system-err><![CDATA[Starting ChromeDriver 101.0.4951.41 (93c720db8323b3ec10d056025ab95c23a31997c9-refs/branch-heads/4951@{#904}) on port 29121
Only local connections are allowed.
Please see https://chromedriver.chromium.org/security-considerations for suggestions on keeping ChromeDriver safe.
ChromeDriver was started successfully.
May 12, 2022 9:28:00 AM org.openqa.selenium.remote.ProtocolHandshake createSession
INFO: Detected dialect: W3C
]]></system-err>
  </testcase>
  <testcase name="ProductInformationValidation" classname="SRSproject.SRSproject.CartPageTest" time="23.252">
    <system-out><![CDATA[ProductInformationValidation started!
Items price is same in PDP and Cart Page i.e Cart Price : 10.2 = PDP Price : 10.2
]]></system-out>
  </testcase>
  <testcase name="CartSubtotalValidationfn" classname="SRSproject.SRSproject.CartPageTest" time="0.469">
    <system-out><![CDATA[CartSubtotalValidationfn started!
30.6
69.32
747.52
751.4
780.36005
783.46
5653.96
6315.73
9879.51
9893.609
10479.329
11035.209
11303.789
11755.669
13076.089
13076.479
13404.528
13653.028
14410.378
15076.588
15076.588 The subtotal after adding line item
50834.0
50834.0Total is not same 
15076.588Total is not same 
]]></system-out>
  </testcase>
  <testcase name="CartUpdateValidation" classname="SRSproject.SRSproject.CartPageTest" time="8.345">
    <system-out><![CDATA[CartUpdateValidation started!
Actual Price is10.2
Extended Price30.6
]]></system-out>
  </testcase>
  <testcase name="AddItemToCart_Validation" classname="SRSproject.SRSproject.CartPageTest" time="28.411">
    <system-out><![CDATA[AddItemToCart_Validation started!
]]></system-out>
  </testcase>
  <testcase name="Reorder_Validation" classname="SRSproject.SRSproject.CartPageTest" time="23.45">
    <system-out><![CDATA[Reorder_Validation started!
You're adding 20 Products
to test a
You're adding 20 Products
to test a
Items are added from cart to Reorder List selected
]]></system-out>
  </testcase>
  <testcase name="CartToCheckout_Validation" classname="SRSproject.SRSproject.CheckoutPageTest" time="48.506">
    <system-out><![CDATA[CartToCheckout_Validation started!
Checkout
]]></system-out>
    <system-err><![CDATA[Starting ChromeDriver 101.0.4951.41 (93c720db8323b3ec10d056025ab95c23a31997c9-refs/branch-heads/4951@{#904}) on port 11536
Only local connections are allowed.
Please see https://chromedriver.chromium.org/security-considerations for suggestions on keeping ChromeDriver safe.
ChromeDriver was started successfully.
May 12, 2022 9:30:44 AM org.openqa.selenium.remote.ProtocolHandshake createSession
INFO: Detected dialect: W3C
]]></system-err>
  </testcase>
  <testcase name="Date_Validation" classname="SRSproject.SRSproject.CheckoutPageTest" time="4.288">
    <system-out><![CDATA[Date_Validation started!
]]></system-out>
  </testcase>
  <testcase name="ProductList_Validation" classname="SRSproject.SRSproject.CheckoutPageTest" time="1.605">
    <system-out><![CDATA[ProductList_Validation started!
Item in Cart Page[Taylor 2000 Series Comparator Bromine & Chlorine | 9056, Pentair Pole , 8' | R500070, Pentair Ameriquartz 250W 120V 100' , 100' | 77360300, Hayward Fiber Washer | SPX1023Z3, Hayward Adjustable Collar | WG1051X, Waterway Selfthreading Drain Screen | 602-5310, Pentair Colorsync Controller | 618031, Pentair Sta-Rite Pxcrp 150 Posi-Clear Cartridge Filter | 160352, Pentair Ameriquartz 75W 12V 100' , 100' | 77182500, Aqp O-Ringhayward Spx1600S | APCO2036, Hayward 1-1/2 HP LX Pump W/Twist-Lok | SP1580X15TL, Hayward 1 HP Power-Flo Pump W/Twist Lok | SP1580TL, Hayward 1 HP Power-Flo LX Pump W/Cord | SP1580, Pentair Unions Rplcmnt Intlchlor | 520595, Pentair Xcvr Assy Hpw 900Mhz | 523557, Aqp O-Ring For Ball Valve (Spx0722G) | APCO2406, Pentair Valve Check 1.5In | 08655-0007, Pentair Colorcascade Led Bubbler Rplcmnt | 590048, Pentair Tee Air Bleed Asy | 154689Z, Pentair Lamp Ambrt Wht 120V 500W | 602077]
Item in Checkout Page[Taylor 2000 Series Comparator Bromine & Chlorine | 9056, Pentair Pole , 8' | R500070, Pentair Ameriquartz 250W 120V 100' , 100' | 77360300, Hayward Fiber Washer | SPX1023Z3, Hayward Adjustable Collar | WG1051X, Waterway Selfthreading Drain Screen | 602-5310, Pentair Colorsync Controller | 618031, Pentair Sta-Rite Pxcrp 150 Posi-Clear Cartridge Filter | 160352, Pentair Ameriquartz 75W 12V 100' , 100' | 77182500, Aqp O-Ringhayward Spx1600S | APCO2036, Hayward 1-1/2 HP LX Pump W/Twist-Lok | SP1580X15TL, Hayward 1 HP Power-Flo Pump W/Twist Lok | SP1580TL, Hayward 1 HP Power-Flo LX Pump W/Cord | SP1580, Pentair Unions Rplcmnt Intlchlor | 520595, Pentair Xcvr Assy Hpw 900Mhz | 523557, Aqp O-Ring For Ball Valve (Spx0722G) | APCO2406, Pentair Valve Check 1.5In | 08655-0007, Pentair Colorcascade Led Bubbler Rplcmnt | 590048, Pentair Tee Air Bleed Asy | 154689Z, Pentair Lamp Ambrt Wht 120V 500W | 602077, Pentair Cyanuric Acid, 1 Gallon | R161626, Jet Pump, 1 hp 115/230 V 21.4 gpm Self-Priming Shallow Well SN-Series, Centrifugal Pump, 1-1/2 hp 115/230 V 75 gpm Self-Priming DS3, Pentair Stud 1/2-13X11/2 Lg 303Ss | 30747-0152, Aqp O-Ring For Winterizing Plug | APCO2392]
Not all item from cart are added to checkout page 
]]></system-out>
  </testcase>
  <testcase name="Quick_OrderPad_Validation" classname="SRSproject.SRSproject.QuickOrderPadTest" time="61.63">
    <system-out><![CDATA[Quick_OrderPad_Validation started!
]]></system-out>
    <system-err><![CDATA[Starting ChromeDriver 101.0.4951.41 (93c720db8323b3ec10d056025ab95c23a31997c9-refs/branch-heads/4951@{#904}) on port 13549
Only local connections are allowed.
Please see https://chromedriver.chromium.org/security-considerations for suggestions on keeping ChromeDriver safe.
ChromeDriver was started successfully.
May 12, 2022 9:31:38 AM org.openqa.selenium.remote.ProtocolHandshake createSession
INFO: Detected dialect: W3C
]]></system-err>
  </testcase>
  <testcase name="Quick_OrderPad_FileUpload_Validation" classname="SRSproject.SRSproject.QuickOrderPadTest" time="55.903">
    <failure message="element not interactable&#10;  (Session info: chrome=101.0.4951.54)&#10;Build info: version: &apos;3.141.59&apos;, revision: &apos;e82be7d358&apos;, time: &apos;2018-11-14T08:17:03&apos;&#10;System info: host: &apos;L295-W-MARIRAJP&apos;, ip: &apos;192.168.1.4&apos;, os.name: &apos;Windows 10&apos;, os.arch: &apos;amd64&apos;, os.version: &apos;10.0&apos;, java.version: &apos;17.0.1&apos;&#10;Driver info: org.openqa.selenium.chrome.ChromeDriver&#10;Capabilities {acceptInsecureCerts: false, browserName: chrome, browserVersion: 101.0.4951.54, chrome: {chromedriverVersion: 101.0.4951.41 (93c720db8323..., userDataDir: C:\Users\DELL\AppData\Local...}, goog:chromeOptions: {debuggerAddress: localhost:59444}, javascriptEnabled: true, networkConnectionEnabled: false, pageLoadStrategy: normal, platform: WINDOWS, platformName: WINDOWS, proxy: Proxy(), setWindowRect: true, strictFileInteractability: false, timeouts: {implicit: 0, pageLoad: 300000, script: 30000}, unhandledPromptBehavior: dismiss and notify, webauthn:extension:credBlob: true, webauthn:extension:largeBlob: true, webauthn:virtualAuthenticators: true}&#10;Session ID: 65f3703bfd2584ce0df2c88c9e74f9d8" type="org.openqa.selenium.ElementNotInteractableException"><![CDATA[org.openqa.selenium.ElementNotInteractableException: 
element not interactable
  (Session info: chrome=101.0.4951.54)
Build info: version: '3.141.59', revision: 'e82be7d358', time: '2018-11-14T08:17:03'
System info: host: 'L295-W-MARIRAJP', ip: '192.168.1.4', os.name: 'Windows 10', os.arch: 'amd64', os.version: '10.0', java.version: '17.0.1'
Driver info: org.openqa.selenium.chrome.ChromeDriver
Capabilities {acceptInsecureCerts: false, browserName: chrome, browserVersion: 101.0.4951.54, chrome: {chromedriverVersion: 101.0.4951.41 (93c720db8323..., userDataDir: C:\Users\DELL\AppData\Local...}, goog:chromeOptions: {debuggerAddress: localhost:59444}, javascriptEnabled: true, networkConnectionEnabled: false, pageLoadStrategy: normal, platform: WINDOWS, platformName: WINDOWS, proxy: Proxy(), setWindowRect: true, strictFileInteractability: false, timeouts: {implicit: 0, pageLoad: 300000, script: 30000}, unhandledPromptBehavior: dismiss and notify, webauthn:extension:credBlob: true, webauthn:extension:largeBlob: true, webauthn:virtualAuthenticators: true}
Session ID: 65f3703bfd2584ce0df2c88c9e74f9d8
	at SRSproject.SRSproject.QuickOrderPadTest.Quick_OrderPad_FileUpload_Validation(QuickOrderPadTest.java:87)
]]></failure>
    <system-out><![CDATA[Quick_OrderPad_FileUpload_Validation started!
]]></system-out>
    <system-err><![CDATA[Starting ChromeDriver 101.0.4951.41 (93c720db8323b3ec10d056025ab95c23a31997c9-refs/branch-heads/4951@{#904}) on port 42240
Only local connections are allowed.
Please see https://chromedriver.chromium.org/security-considerations for suggestions on keeping ChromeDriver safe.
ChromeDriver was started successfully.
May 12, 2022 9:32:40 AM org.openqa.selenium.remote.ProtocolHandshake createSession
INFO: Detected dialect: W3C
]]></system-err>
  </testcase>
  <testcase name="Quick_OrderPad_UploadedtoBulkOrder_Validation" classname="SRSproject.SRSproject.QuickOrderPadTest" time="16.05">
    <system-out><![CDATA[Quick_OrderPad_UploadedtoBulkOrder_Validation started!
[PEN78107700, PEN77360300, HPPSP1436PAKB, HPPSPX1023Z3, APP4HP101, PEN500103, PEN084170005, WWP6025310, CMP25215000003]
final[PEN78107700, PEN77360300, HPPSP1436PAKB, HPPSPX1023Z3, APP4HP101, PEN500103, PEN084170005, WWP6025310, CMP25215000003]
[]
Some of the Items of Csv are Not uploaded completely 
]]></system-out>
  </testcase>
  <testcase name="Quick_OrderPad_InvalidFileUpload_Validation" classname="SRSproject.SRSproject.QuickOrderPadTest" time="24.238">
    <failure message="element not interactable&#10;  (Session info: chrome=101.0.4951.54)&#10;Build info: version: &apos;3.141.59&apos;, revision: &apos;e82be7d358&apos;, time: &apos;2018-11-14T08:17:03&apos;&#10;System info: host: &apos;L295-W-MARIRAJP&apos;, ip: &apos;192.168.1.4&apos;, os.name: &apos;Windows 10&apos;, os.arch: &apos;amd64&apos;, os.version: &apos;10.0&apos;, java.version: &apos;17.0.1&apos;&#10;Driver info: org.openqa.selenium.chrome.ChromeDriver&#10;Capabilities {acceptInsecureCerts: false, browserName: chrome, browserVersion: 101.0.4951.54, chrome: {chromedriverVersion: 101.0.4951.41 (93c720db8323..., userDataDir: C:\Users\DELL\AppData\Local...}, goog:chromeOptions: {debuggerAddress: localhost:59444}, javascriptEnabled: true, networkConnectionEnabled: false, pageLoadStrategy: normal, platform: WINDOWS, platformName: WINDOWS, proxy: Proxy(), setWindowRect: true, strictFileInteractability: false, timeouts: {implicit: 0, pageLoad: 300000, script: 30000}, unhandledPromptBehavior: dismiss and notify, webauthn:extension:credBlob: true, webauthn:extension:largeBlob: true, webauthn:virtualAuthenticators: true}&#10;Session ID: 65f3703bfd2584ce0df2c88c9e74f9d8" type="org.openqa.selenium.ElementNotInteractableException"><![CDATA[org.openqa.selenium.ElementNotInteractableException: 
element not interactable
  (Session info: chrome=101.0.4951.54)
Build info: version: '3.141.59', revision: 'e82be7d358', time: '2018-11-14T08:17:03'
System info: host: 'L295-W-MARIRAJP', ip: '192.168.1.4', os.name: 'Windows 10', os.arch: 'amd64', os.version: '10.0', java.version: '17.0.1'
Driver info: org.openqa.selenium.chrome.ChromeDriver
Capabilities {acceptInsecureCerts: false, browserName: chrome, browserVersion: 101.0.4951.54, chrome: {chromedriverVersion: 101.0.4951.41 (93c720db8323..., userDataDir: C:\Users\DELL\AppData\Local...}, goog:chromeOptions: {debuggerAddress: localhost:59444}, javascriptEnabled: true, networkConnectionEnabled: false, pageLoadStrategy: normal, platform: WINDOWS, platformName: WINDOWS, proxy: Proxy(), setWindowRect: true, strictFileInteractability: false, timeouts: {implicit: 0, pageLoad: 300000, script: 30000}, unhandledPromptBehavior: dismiss and notify, webauthn:extension:credBlob: true, webauthn:extension:largeBlob: true, webauthn:virtualAuthenticators: true}
Session ID: 65f3703bfd2584ce0df2c88c9e74f9d8
	at SRSproject.SRSproject.QuickOrderPadTest.Quick_OrderPad_InvalidFileUpload_Validation(QuickOrderPadTest.java:169)
]]></failure>
    <system-out><![CDATA[Quick_OrderPad_InvalidFileUpload_Validation started!
]]></system-out>
  </testcase>
  <testcase name="BulOrder_Redirection" classname="SRSproject.SRSproject.BulkOrderPadTest" time="35.078">
    <system-out><![CDATA[BulOrder_Redirection started!
]]></system-out>
    <system-err><![CDATA[Starting ChromeDriver 101.0.4951.41 (93c720db8323b3ec10d056025ab95c23a31997c9-refs/branch-heads/4951@{#904}) on port 25704
Only local connections are allowed.
Please see https://chromedriver.chromium.org/security-considerations for suggestions on keeping ChromeDriver safe.
ChromeDriver was started successfully.
May 12, 2022 9:34:16 AM org.openqa.selenium.remote.ProtocolHandshake createSession
INFO: Detected dialect: W3C
]]></system-err>
  </testcase>
  <testcase name="AddItemtoBulkOrder_Validation" classname="SRSproject.SRSproject.BulkOrderPadTest" time="26.448">
    <system-out><![CDATA[AddItemtoBulkOrder_Validation started!
Items added to bulk order as expected
]]></system-out>
  </testcase>
  <testcase name="AddNewLineItem_Validation" classname="SRSproject.SRSproject.BulkOrderPadTest" time="18.328">
    <system-out><![CDATA[AddNewLineItem_Validation started!
Items added to bulk order as expected
]]></system-out>
  </testcase>
  <testcase name="UpdateQunatity_Validation" classname="SRSproject.SRSproject.BulkOrderPadTest" time="1.188">
    <system-out><![CDATA[UpdateQunatity_Validation started!
Items added to bulk order as expected
]]></system-out>
  </testcase>
  <testcase name="AddAll_ItemToCart_Validation" classname="SRSproject.SRSproject.BulkOrderPadTest" time="1.083">
    <system-out><![CDATA[AddAll_ItemToCart_Validation started!
Items added to cart
]]></system-out>
  </testcase>
  <testcase name="ListofItem_Validation" classname="SRSproject.SRSproject.BulkOrderPadTest" time="31.45">
    <failure message="lists don&apos;t have the same size expected [9] but found [0]" type="java.lang.AssertionError"><![CDATA[java.lang.AssertionError: lists don't have the same size expected [9] but found [0]
	at SRSproject.SRSproject.BulkOrderPadTest.ListofItem_Validation(BulkOrderPadTest.java:119)
]]></failure>
    <system-out><![CDATA[ListofItem_Validation started!
one[]
[PEN78107700, PEN77360300, HPPSP1436PAKB, HPPSPX1023Z3, APP4HP101, PEN500103, PEN084170005, WWP6025310, CMP25215000003]
two[PEN78107700, PEN77360300, HPPSP1436PAKB, HPPSPX1023Z3, APP4HP101, PEN500103, PEN084170005, WWP6025310, CMP25215000003]
]]></system-out>
  </testcase>
  <testcase name="InValid_FileUpload_Validation" classname="SRSproject.SRSproject.BulkOrderPadTest" time="6.321">
    <failure message="element click intercepted: Element &lt;button class=&quot;amasty-action-file&quot; data-bind=&quot;i18n: &apos;...&apos;&quot; data-trigger=&quot;trigger-amasty-upload-modal&quot;&gt;Upload CSV&lt;/button&gt; is not clickable at point (111, 415). Other element would receive the click: &lt;div class=&quot;loading-mask&quot; data-role=&quot;loader&quot; style=&quot;display: block;&quot;&gt;...&lt;/div&gt;&#10;  (Session info: chrome=101.0.4951.54)&#10;Build info: version: &apos;3.141.59&apos;, revision: &apos;e82be7d358&apos;, time: &apos;2018-11-14T08:17:03&apos;&#10;System info: host: &apos;L295-W-MARIRAJP&apos;, ip: &apos;192.168.1.4&apos;, os.name: &apos;Windows 10&apos;, os.arch: &apos;amd64&apos;, os.version: &apos;10.0&apos;, java.version: &apos;17.0.1&apos;&#10;Driver info: org.openqa.selenium.chrome.ChromeDriver&#10;Capabilities {acceptInsecureCerts: false, browserName: chrome, browserVersion: 101.0.4951.54, chrome: {chromedriverVersion: 101.0.4951.41 (93c720db8323..., userDataDir: C:\Users\DELL\AppData\Local...}, goog:chromeOptions: {debuggerAddress: localhost:63279}, javascriptEnabled: true, networkConnectionEnabled: false, pageLoadStrategy: normal, platform: WINDOWS, platformName: WINDOWS, proxy: Proxy(), setWindowRect: true, strictFileInteractability: false, timeouts: {implicit: 0, pageLoad: 300000, script: 30000}, unhandledPromptBehavior: dismiss and notify, webauthn:extension:credBlob: true, webauthn:extension:largeBlob: true, webauthn:virtualAuthenticators: true}&#10;Session ID: c982b093ebc6138ececc8a85431940cd" type="org.openqa.selenium.ElementClickInterceptedException"><![CDATA[org.openqa.selenium.ElementClickInterceptedException: 
element click intercepted: Element <button class="amasty-action-file" data-bind="i18n: '...'" data-trigger="trigger-amasty-upload-modal">Upload CSV</button> is not clickable at point (111, 415). Other element would receive the click: <div class="loading-mask" data-role="loader" style="display: block;">...</div>
  (Session info: chrome=101.0.4951.54)
Build info: version: '3.141.59', revision: 'e82be7d358', time: '2018-11-14T08:17:03'
System info: host: 'L295-W-MARIRAJP', ip: '192.168.1.4', os.name: 'Windows 10', os.arch: 'amd64', os.version: '10.0', java.version: '17.0.1'
Driver info: org.openqa.selenium.chrome.ChromeDriver
Capabilities {acceptInsecureCerts: false, browserName: chrome, browserVersion: 101.0.4951.54, chrome: {chromedriverVersion: 101.0.4951.41 (93c720db8323..., userDataDir: C:\Users\DELL\AppData\Local...}, goog:chromeOptions: {debuggerAddress: localhost:63279}, javascriptEnabled: true, networkConnectionEnabled: false, pageLoadStrategy: normal, platform: WINDOWS, platformName: WINDOWS, proxy: Proxy(), setWindowRect: true, strictFileInteractability: false, timeouts: {implicit: 0, pageLoad: 300000, script: 30000}, unhandledPromptBehavior: dismiss and notify, webauthn:extension:credBlob: true, webauthn:extension:largeBlob: true, webauthn:virtualAuthenticators: true}
Session ID: c982b093ebc6138ececc8a85431940cd
	at SRSproject.SRSproject.BulkOrderPadTest.InValid_FileUpload_Validation(BulkOrderPadTest.java:132)
]]></failure>
    <system-out><![CDATA[InValid_FileUpload_Validation started!
]]></system-out>
  </testcase>
  <testcase name="ReorderPage_Redirection" classname="SRSproject.SRSproject.ReorderPage_Test" time="33.748">
    <system-out><![CDATA[ReorderPage_Redirection started!
]]></system-out>
    <system-err><![CDATA[Starting ChromeDriver 101.0.4951.41 (93c720db8323b3ec10d056025ab95c23a31997c9-refs/branch-heads/4951@{#904}) on port 42334
Only local connections are allowed.
Please see https://chromedriver.chromium.org/security-considerations for suggestions on keeping ChromeDriver safe.
ChromeDriver was started successfully.
May 12, 2022 9:36:16 AM org.openqa.selenium.remote.ProtocolHandshake createSession
INFO: Detected dialect: W3C
]]></system-err>
  </testcase>
  <testcase name="UploadFile_Redirection" classname="SRSproject.SRSproject.ReorderPage_Test" time="22.019">
    <system-out><![CDATA[UploadFile_Redirection started!
[PEN78107700, PEN77360300, HPPSP1436PAKB, HPPSPX1023Z3, APP4HP101, PEN500103, PEN084170005, WWP6025310, CMP25215000003]
]]></system-out>
  </testcase>
  <testcase name="SaveAnReorderList_Validation" classname="SRSproject.SRSproject.ReorderPage_Test" time="8.853">
    <system-out><![CDATA[SaveAnReorderList_Validation started!
]]></system-out>
  </testcase>
  <testcase name="CreateNewReorder_Redirection" classname="SRSproject.SRSproject.ReorderPage_Test" time="16.774">
    <system-out><![CDATA[CreateNewReorder_Redirection started!
]]></system-out>
  </testcase>
  <testcase name="CreateNew_ReorderPad_Validation" classname="SRSproject.SRSproject.ReorderPage_Test" time="14.238">
    <system-out><![CDATA[CreateNew_ReorderPad_Validation started!
Able to create new reorder pad
]]></system-out>
  </testcase>
  <testcase name="View_Validation" classname="SRSproject.SRSproject.ReorderPage_Test" time="64.416">
    <system-out><![CDATA[View_Validation started!
1 Items have been successfully added to your Cart
]]></system-out>
    <system-err><![CDATA[org.openqa.selenium.TimeoutException: Expected condition failed: waiting for visibility of Proxy element for: DefaultElementLocator 'By.xpath: (//a[text()[normalize-space()='View']])[1]' (tried for 50 second(s) with 500 milliseconds interval)
	at org.openqa.selenium.support.ui.WebDriverWait.timeoutException(WebDriverWait.java:95)
	at org.openqa.selenium.support.ui.FluentWait.until(FluentWait.java:272)
	at SRSproject.SRSproject.BasePage.waitUntilElementVisibility(BasePage.java:125)
	at SRSproject.SRSproject.ReorderPage_Test.View_Validation(ReorderPage_Test.java:142)
	at java.base/jdk.internal.reflect.NativeMethodAccessorImpl.invoke0(Native Method)
	at java.base/jdk.internal.reflect.NativeMethodAccessorImpl.invoke(NativeMethodAccessorImpl.java:77)
	at java.base/jdk.internal.reflect.DelegatingMethodAccessorImpl.invoke(DelegatingMethodAccessorImpl.java:43)
	at java.base/java.lang.reflect.Method.invoke(Method.java:568)
	at org.testng.internal.MethodInvocationHelper.invokeMethod(MethodInvocationHelper.java:132)
	at org.testng.internal.TestInvoker.invokeMethod(TestInvoker.java:599)
	at org.testng.internal.TestInvoker.invokeTestMethod(TestInvoker.java:174)
	at org.testng.internal.MethodRunner.runInSequence(MethodRunner.java:46)
	at org.testng.internal.TestInvoker$MethodInvocationAgent.invoke(TestInvoker.java:822)
	at org.testng.internal.TestInvoker.invokeTestMethods(TestInvoker.java:147)
	at org.testng.internal.TestMethodWorker.invokeTestMethods(TestMethodWorker.java:146)
	at org.testng.internal.TestMethodWorker.run(TestMethodWorker.java:128)
	at java.base/java.util.ArrayList.forEach(ArrayList.java:1511)
	at org.testng.TestRunner.privateRun(TestRunner.java:764)
	at org.testng.TestRunner.run(TestRunner.java:585)
	at org.testng.SuiteRunner.runTest(SuiteRunner.java:384)
	at org.testng.SuiteRunner.runSequentially(SuiteRunner.java:378)
	at org.testng.SuiteRunner.privateRun(SuiteRunner.java:337)
	at org.testng.SuiteRunner.run(SuiteRunner.java:286)
	at org.testng.SuiteRunnerWorker.runSuite(SuiteRunnerWorker.java:53)
	at org.testng.SuiteRunnerWorker.run(SuiteRunnerWorker.java:96)
	at org.testng.TestNG.runSuitesSequentially(TestNG.java:1218)
	at org.testng.TestNG.runSuitesLocally(TestNG.java:1140)
	at org.testng.TestNG.runSuites(TestNG.java:1069)
	at org.testng.TestNG.run(TestNG.java:1037)
	at org.apache.maven.surefire.testng.TestNGExecutor.run(TestNGExecutor.java:284)
	at org.apache.maven.surefire.testng.TestNGXmlTestSuite.execute(TestNGXmlTestSuite.java:75)
	at org.apache.maven.surefire.testng.TestNGProvider.invoke(TestNGProvider.java:119)
	at org.apache.maven.surefire.booter.ForkedBooter.runSuitesInProcess(ForkedBooter.java:428)
	at org.apache.maven.surefire.booter.ForkedBooter.execute(ForkedBooter.java:162)
	at org.apache.maven.surefire.booter.ForkedBooter.run(ForkedBooter.java:562)
	at org.apache.maven.surefire.booter.ForkedBooter.main(ForkedBooter.java:548)
Caused by: org.openqa.selenium.NoSuchElementException: no such element: Unable to locate element: {"method":"xpath","selector":"(//a[text()[normalize-space()='View']])[1]"}
  (Session info: chrome=101.0.4951.54)
For documentation on this error, please visit: https://www.seleniumhq.org/exceptions/no_such_element.html
Build info: version: '3.141.59', revision: 'e82be7d358', time: '2018-11-14T08:17:03'
System info: host: 'L295-W-MARIRAJP', ip: '192.168.1.4', os.name: 'Windows 10', os.arch: 'amd64', os.version: '10.0', java.version: '17.0.1'
Driver info: org.openqa.selenium.chrome.ChromeDriver
Capabilities {acceptInsecureCerts: false, browserName: chrome, browserVersion: 101.0.4951.54, chrome: {chromedriverVersion: 101.0.4951.41 (93c720db8323..., userDataDir: C:\Users\DELL\AppData\Local...}, goog:chromeOptions: {debuggerAddress: localhost:63322}, javascriptEnabled: true, networkConnectionEnabled: false, pageLoadStrategy: normal, platform: WINDOWS, platformName: WINDOWS, proxy: Proxy(), setWindowRect: true, strictFileInteractability: false, timeouts: {implicit: 0, pageLoad: 300000, script: 30000}, unhandledPromptBehavior: dismiss and notify, webauthn:extension:credBlob: true, webauthn:extension:largeBlob: true, webauthn:virtualAuthenticators: true}
Session ID: e79d7e259d47a2618186f5035b81b694
*** Element info: {Using=xpath, value=(//a[text()[normalize-space()='View']])[1]}
	at jdk.internal.reflect.GeneratedConstructorAccessor12.newInstance(Unknown Source)
	at java.base/jdk.internal.reflect.DelegatingConstructorAccessorImpl.newInstance(DelegatingConstructorAccessorImpl.java:45)
	at java.base/java.lang.reflect.Constructor.newInstanceWithCaller(Constructor.java:499)
	at java.base/java.lang.reflect.Constructor.newInstance(Constructor.java:480)
	at org.openqa.selenium.remote.http.W3CHttpResponseCodec.createException(W3CHttpResponseCodec.java:187)
	at org.openqa.selenium.remote.http.W3CHttpResponseCodec.decode(W3CHttpResponseCodec.java:122)
	at org.openqa.selenium.remote.http.W3CHttpResponseCodec.decode(W3CHttpResponseCodec.java:49)
	at org.openqa.selenium.remote.HttpCommandExecutor.execute(HttpCommandExecutor.java:158)
	at org.openqa.selenium.remote.service.DriverCommandExecutor.execute(DriverCommandExecutor.java:83)
	at org.openqa.selenium.remote.RemoteWebDriver.execute(RemoteWebDriver.java:552)
	at org.openqa.selenium.remote.RemoteWebDriver.findElement(RemoteWebDriver.java:323)
	at org.openqa.selenium.remote.RemoteWebDriver.findElementByXPath(RemoteWebDriver.java:428)
	at org.openqa.selenium.By$ByXPath.findElement(By.java:353)
	at org.openqa.selenium.remote.RemoteWebDriver.findElement(RemoteWebDriver.java:315)
	at org.openqa.selenium.support.pagefactory.DefaultElementLocator.findElement(DefaultElementLocator.java:69)
	at org.openqa.selenium.support.pagefactory.internal.LocatingElementHandler.invoke(LocatingElementHandler.java:38)
	at jdk.proxy2/jdk.proxy2.$Proxy8.isDisplayed(Unknown Source)
	at org.openqa.selenium.support.ui.ExpectedConditions.elementIfVisible(ExpectedConditions.java:314)
	at org.openqa.selenium.support.ui.ExpectedConditions.access$000(ExpectedConditions.java:43)
	at org.openqa.selenium.support.ui.ExpectedConditions$10.apply(ExpectedConditions.java:300)
	at org.openqa.selenium.support.ui.ExpectedConditions$10.apply(ExpectedConditions.java:297)
	at org.openqa.selenium.support.ui.FluentWait.until(FluentWait.java:249)
	... 34 more
]]></system-err>
  </testcase>
  <testcase name="InvalidFile_Validation" classname="SRSproject.SRSproject.ReorderPage_Test" time="55.61">
    <system-out><![CDATA[InvalidFile_Validation started!
]]></system-out>
  </testcase>
  <testcase name="Change_Shito_Validation" classname="SRSproject.SRSproject.ChangeBranch_shipto_Test" time="35.383">
    <system-out><![CDATA[Change_Shito_Validation started!
CUSTOM BACKYARD VACATIONS INC,4690 W WALTON BLVD,WATERFORD,MI,48329
]]></system-out>
    <system-err><![CDATA[Starting ChromeDriver 101.0.4951.41 (93c720db8323b3ec10d056025ab95c23a31997c9-refs/branch-heads/4951@{#904}) on port 47430
Only local connections are allowed.
Please see https://chromedriver.chromium.org/security-considerations for suggestions on keeping ChromeDriver safe.
ChromeDriver was started successfully.
May 12, 2022 9:39:51 AM org.openqa.selenium.remote.ProtocolHandshake createSession
INFO: Detected dialect: W3C
]]></system-err>
  </testcase>
  <testcase name="ChangeBranch_Validation" classname="SRSproject.SRSproject.ChangeBranch_shipto_Test" time="16.783">
    <system-out><![CDATA[ChangeBranch_Validation started!
]]></system-out>
  </testcase>
</testsuite>