<?xml version="1.0" encoding="UTF-8"?>
<testng-results ignored="0" total="2" passed="2" failed="0" skipped="0">
  <reporter-output>
  </reporter-output>
  <suite started-at="2022-06-29T15:17:38 IST" name="Suite" finished-at="2022-06-29T15:20:04 IST" duration-ms="145087">
    <groups>
    </groups>
    <test started-at="2022-06-29T15:17:38 IST" name="Test" finished-at="2022-06-29T15:20:04 IST" duration-ms="145087">
      <class name="SRSproject.SRSproject.ChangeBranch_shipto_Test">
        <test-method is-config="true" signature="beforeClass()[pri:0, instance:SRSproject.SRSproject.ChangeBranch_shipto_Test@35841320]" started-at="2022-06-29T15:17:38 IST" name="beforeClass" finished-at="2022-06-29T15:17:57 IST" duration-ms="18985" status="PASS">
          <reporter-output>
          </reporter-output>
        </test-method> <!-- beforeClass -->
        <test-method signature="Change_Shito_Validation()[pri:1, instance:SRSproject.SRSproject.ChangeBranch_shipto_Test@35841320]" started-at="2022-06-29T15:17:57 IST" name="Change_Shito_Validation" description="Changing Shipto" finished-at="2022-06-29T15:19:31 IST" duration-ms="93647" status="PASS">
          <reporter-output>
          </reporter-output>
        </test-method> <!-- Change_Shito_Validation -->
        <test-method signature="ChangeBranch_Validation()[pri:2, instance:SRSproject.SRSproject.ChangeBranch_shipto_Test@35841320]" started-at="2022-06-29T15:19:31 IST" name="ChangeBranch_Validation" description="Changing Branch" finished-at="2022-06-29T15:20:04 IST" duration-ms="32430" status="PASS">
          <reporter-output>
          </reporter-output>
        </test-method> <!-- ChangeBranch_Validation -->
      </class> <!-- SRSproject.SRSproject.ChangeBranch_shipto_Test -->
    </test> <!-- Test -->
  </suite> <!-- Suite -->
</testng-results>
