<?xml version="1.0" encoding="UTF-8"?>
<testng-results ignored="0" total="8" passed="8" failed="0" skipped="0">
  <reporter-output>
    <line>
      <![CDATA[UOM EA is Present in PLP]]>
    </line>
    <line>
      <![CDATA[UOM EA is Present in PLP]]>
    </line>
    <line>
      <![CDATA[Able to create new reorder pad]]>
    </line>
  </reporter-output>
  <suite started-at="2022-07-08T10:50:41 IST" name="Default suite" finished-at="2022-07-08T10:54:45 IST" duration-ms="244709">
    <groups>
    </groups>
    <test started-at="2022-07-08T10:50:41 IST" name="Default test" finished-at="2022-07-08T10:54:45 IST" duration-ms="244709">
      <class name="SRSproject.SRSproject.ReorderPage_Test">
        <test-method is-config="true" signature="beforeClass()[pri:0, instance:SRSproject.SRSproject.ReorderPage_Test@130c12b7]" started-at="2022-07-08T10:50:41 IST" name="beforeClass" finished-at="2022-07-08T10:50:45 IST" duration-ms="3796" status="PASS">
          <reporter-output>
          </reporter-output>
        </test-method> <!-- beforeClass -->
        <test-method signature="ReorderPage_Redirection()[pri:1, instance:SRSproject.SRSproject.ReorderPage_Test@130c12b7]" started-at="2022-07-08T10:50:45 IST" name="ReorderPage_Redirection" finished-at="2022-07-08T10:51:17 IST" duration-ms="32779" status="PASS">
          <reporter-output>
          </reporter-output>
        </test-method> <!-- ReorderPage_Redirection -->
        <test-method signature="UploadFile_Redirection()[pri:2, instance:SRSproject.SRSproject.ReorderPage_Test@130c12b7]" started-at="2022-07-08T10:51:17 IST" name="UploadFile_Redirection" finished-at="2022-07-08T10:51:42 IST" duration-ms="24388" status="PASS">
          <reporter-output>
          </reporter-output>
        </test-method> <!-- UploadFile_Redirection -->
        <test-method signature="UOM_Validation()[pri:3, instance:SRSproject.SRSproject.ReorderPage_Test@130c12b7]" started-at="2022-07-08T10:51:42 IST" name="UOM_Validation" finished-at="2022-07-08T10:51:47 IST" duration-ms="5110" status="PASS">
          <reporter-output>
            <line>
              <![CDATA[UOM EA is Present in PLP]]>
            </line>
            <line>
              <![CDATA[UOM EA is Present in PLP]]>
            </line>
          </reporter-output>
        </test-method> <!-- UOM_Validation -->
        <test-method signature="SaveAnReorderList_Validation()[pri:4, instance:SRSproject.SRSproject.ReorderPage_Test@130c12b7]" started-at="2022-07-08T10:51:47 IST" name="SaveAnReorderList_Validation" finished-at="2022-07-08T10:51:58 IST" duration-ms="11645" status="PASS">
          <reporter-output>
          </reporter-output>
        </test-method> <!-- SaveAnReorderList_Validation -->
        <test-method signature="CreateNewReorder_Redirection()[pri:5, instance:SRSproject.SRSproject.ReorderPage_Test@130c12b7]" started-at="2022-07-08T10:51:58 IST" name="CreateNewReorder_Redirection" finished-at="2022-07-08T10:52:18 IST" duration-ms="19966" status="PASS">
          <reporter-output>
          </reporter-output>
        </test-method> <!-- CreateNewReorder_Redirection -->
        <test-method signature="CreateNew_ReorderPad_AndLegacySearch_Validation()[pri:6, instance:SRSproject.SRSproject.ReorderPage_Test@130c12b7]" started-at="2022-07-08T10:52:18 IST" name="CreateNew_ReorderPad_AndLegacySearch_Validation" finished-at="2022-07-08T10:52:44 IST" duration-ms="25348" status="PASS">
          <reporter-output>
            <line>
              <![CDATA[Able to create new reorder pad]]>
            </line>
          </reporter-output>
        </test-method> <!-- CreateNew_ReorderPad_AndLegacySearch_Validation -->
        <test-method signature="View_Validation()[pri:7, instance:SRSproject.SRSproject.ReorderPage_Test@130c12b7]" started-at="2022-07-08T10:52:44 IST" name="View_Validation" finished-at="2022-07-08T10:53:52 IST" duration-ms="68707" status="PASS">
          <reporter-output>
          </reporter-output>
        </test-method> <!-- View_Validation -->
        <test-method signature="InvalidFile_Validation()[pri:9, instance:SRSproject.SRSproject.ReorderPage_Test@130c12b7]" started-at="2022-07-08T10:53:52 IST" name="InvalidFile_Validation" finished-at="2022-07-08T10:54:45 IST" duration-ms="52934" status="PASS">
          <reporter-output>
          </reporter-output>
        </test-method> <!-- InvalidFile_Validation -->
      </class> <!-- SRSproject.SRSproject.ReorderPage_Test -->
    </test> <!-- Default test -->
  </suite> <!-- Default suite -->
</testng-results>
