<?xml version="1.0" encoding="UTF-8"?>
<testng-results ignored="0" total="6" passed="6" failed="0" skipped="0">
  <reporter-output>
  </reporter-output>
  <suite started-at="2022-07-11T20:03:19 IST" name="Default suite" finished-at="2022-07-11T20:10:20 IST" duration-ms="421227">
    <groups>
    </groups>
    <test started-at="2022-07-11T20:03:19 IST" name="Default test" finished-at="2022-07-11T20:10:20 IST" duration-ms="421227">
      <class name="SRSproject.SRSproject.LoginTest">
        <test-method is-config="true" signature="beforeClass()[pri:0, instance:SRSproject.SRSproject.LoginTest@57af006c]" started-at="2022-07-11T20:03:19 IST" name="beforeClass" finished-at="2022-07-11T20:03:54 IST" duration-ms="35048" status="PASS">
          <reporter-output>
          </reporter-output>
        </test-method> <!-- beforeClass -->
        <test-method signature="LoginValidation()[pri:1, instance:SRSproject.SRSproject.LoginTest@57af006c]" started-at="2022-07-11T20:03:54 IST" name="LoginValidation" finished-at="2022-07-11T20:04:54 IST" duration-ms="60617" status="PASS">
          <reporter-output>
          </reporter-output>
        </test-method> <!-- LoginValidation -->
        <test-method signature="invalidLoginValidation()[pri:2, instance:SRSproject.SRSproject.LoginTest@57af006c]" started-at="2022-07-11T20:04:54 IST" name="invalidLoginValidation" finished-at="2022-07-11T20:05:36 IST" duration-ms="41797" status="PASS">
          <reporter-output>
          </reporter-output>
        </test-method> <!-- invalidLoginValidation -->
        <test-method signature="UnApprovedLoginValidation()[pri:3, instance:SRSproject.SRSproject.LoginTest@57af006c]" started-at="2022-07-11T20:05:36 IST" name="UnApprovedLoginValidation" finished-at="2022-07-11T20:06:15 IST" duration-ms="39199" status="PASS">
          <reporter-output>
          </reporter-output>
        </test-method> <!-- UnApprovedLoginValidation -->
        <test-method signature="LoginFromPLP()[pri:4, instance:SRSproject.SRSproject.LoginTest@57af006c]" started-at="2022-07-11T20:06:15 IST" name="LoginFromPLP" finished-at="2022-07-11T20:07:20 IST" duration-ms="64355" status="PASS">
          <reporter-output>
          </reporter-output>
        </test-method> <!-- LoginFromPLP -->
        <test-method signature="LoginFromPDP()[pri:5, instance:SRSproject.SRSproject.LoginTest@57af006c]" started-at="2022-07-11T20:07:20 IST" name="LoginFromPDP" finished-at="2022-07-11T20:08:30 IST" duration-ms="70283" status="PASS">
          <reporter-output>
          </reporter-output>
        </test-method> <!-- LoginFromPDP -->
        <test-method signature="UnAuthorisedLogin()[pri:6, instance:SRSproject.SRSproject.LoginTest@57af006c]" started-at="2022-07-11T20:08:30 IST" name="UnAuthorisedLogin" description="validLogin with differsites" finished-at="2022-07-11T20:10:20 IST" duration-ms="109735" status="PASS">
          <reporter-output>
          </reporter-output>
        </test-method> <!-- UnAuthorisedLogin -->
        <test-method is-config="true" signature="tearDown()[pri:0, instance:SRSproject.SRSproject.LoginTest@57af006c]" started-at="2022-07-11T20:10:20 IST" name="tearDown" finished-at="2022-07-11T20:10:20 IST" duration-ms="158" status="PASS">
          <reporter-output>
          </reporter-output>
        </test-method> <!-- tearDown -->
      </class> <!-- SRSproject.SRSproject.LoginTest -->
    </test> <!-- Default test -->
  </suite> <!-- Default suite -->
</testng-results>
