<?xml version="1.0" encoding="UTF-8"?>
<testng-results ignored="0" total="6" passed="5" failed="1" skipped="0">
  <reporter-output>
    <line>
      <![CDATA[UOM EA is Present in PLP]]>
    </line>
  </reporter-output>
  <suite started-at="2022-07-06T15:15:12 IST" name="Default suite" finished-at="2022-07-06T15:16:28 IST" duration-ms="76596">
    <groups>
    </groups>
    <test started-at="2022-07-06T15:15:12 IST" name="Default test" finished-at="2022-07-06T15:16:28 IST" duration-ms="76596">
      <class name="SRSproject.SRSproject.ProductDetailPageTest">
        <test-method is-config="true" signature="beforeClass()[pri:0, instance:SRSproject.SRSproject.ProductDetailPageTest@72e5a8e]" started-at="2022-07-06T15:15:12 IST" name="beforeClass" finished-at="2022-07-06T15:15:15 IST" duration-ms="3454" status="PASS">
          <reporter-output>
          </reporter-output>
        </test-method> <!-- beforeClass -->
        <test-method signature="PDP_RegisterRedirection_GuestValidation()[pri:1, instance:SRSproject.SRSproject.ProductDetailPageTest@72e5a8e]" started-at="2022-07-06T15:15:15 IST" name="PDP_RegisterRedirection_GuestValidation" description="Register now link redirection" finished-at="2022-07-06T15:15:25 IST" duration-ms="9573" status="PASS">
          <reporter-output>
          </reporter-output>
        </test-method> <!-- PDP_RegisterRedirection_GuestValidation -->
        <test-method signature="AddingItemToCart()[pri:2, instance:SRSproject.SRSproject.ProductDetailPageTest@72e5a8e]" started-at="2022-07-06T15:15:25 IST" name="AddingItemToCart" description="Adding Item to Cart" finished-at="2022-07-06T15:15:49 IST" duration-ms="24713" status="PASS">
          <reporter-output>
          </reporter-output>
        </test-method> <!-- AddingItemToCart -->
        <test-method signature="Recently_viewedItems_validation()[pri:3, instance:SRSproject.SRSproject.ProductDetailPageTest@72e5a8e]" started-at="2022-07-06T15:15:49 IST" name="Recently_viewedItems_validation" description="validating Recently viewed Items is in PDP" finished-at="2022-07-06T15:15:54 IST" duration-ms="4209" status="FAIL">
          <exception class="org.openqa.selenium.ElementClickInterceptedException">
            <message>
              <![CDATA[element click intercepted: Element <input id="search" type="text" name="q" value="" placeholder="Search Item #, Keyword, or SKU" class="input-text searchspring-ac" maxlength="255" role="combobox" aria-haspopup="false" aria-autocomplete="both" autocomplete="off" aria-expanded="false"> is not clickable at point (578, 32). Other element would receive the click: <div class="swal2-container swal2-center swal2-fade swal2-shown" style="overflow-y: auto;">...</div>
  (Session info: chrome=101.0.4951.54)
Build info: version: '3.141.59', revision: 'e82be7d358', time: '2018-11-14T08:17:03'
System info: host: 'L295-W-MARIRAJP', ip: '192.168.1.3', os.name: 'Windows 10', os.arch: 'amd64', os.version: '10.0', java.version: '17.0.1'
Driver info: org.openqa.selenium.chrome.ChromeDriver
Capabilities {acceptInsecureCerts: false, browserName: chrome, browserVersion: 101.0.4951.54, chrome: {chromedriverVersion: 101.0.4951.41 (93c720db8323..., userDataDir: C:\Users\DELL\AppData\Local...}, goog:chromeOptions: {debuggerAddress: localhost:54558}, javascriptEnabled: true, networkConnectionEnabled: false, pageLoadStrategy: normal, platform: WINDOWS, platformName: WINDOWS, proxy: Proxy(), setWindowRect: true, strictFileInteractability: false, timeouts: {implicit: 0, pageLoad: 300000, script: 30000}, unhandledPromptBehavior: dismiss and notify, webauthn:extension:credBlob: true, webauthn:extension:largeBlob: true, webauthn:virtualAuthenticators: true}
Session ID: da62a7c9faf58e721975e075cd5a134a]]>
            </message>
            <full-stacktrace>
              <![CDATA[org.openqa.selenium.ElementClickInterceptedException: element click intercepted: Element <input id="search" type="text" name="q" value="" placeholder="Search Item #, Keyword, or SKU" class="input-text searchspring-ac" maxlength="255" role="combobox" aria-haspopup="false" aria-autocomplete="both" autocomplete="off" aria-expanded="false"> is not clickable at point (578, 32). Other element would receive the click: <div class="swal2-container swal2-center swal2-fade swal2-shown" style="overflow-y: auto;">...</div>
  (Session info: chrome=101.0.4951.54)
Build info: version: '3.141.59', revision: 'e82be7d358', time: '2018-11-14T08:17:03'
System info: host: 'L295-W-MARIRAJP', ip: '192.168.1.3', os.name: 'Windows 10', os.arch: 'amd64', os.version: '10.0', java.version: '17.0.1'
Driver info: org.openqa.selenium.chrome.ChromeDriver
Capabilities {acceptInsecureCerts: false, browserName: chrome, browserVersion: 101.0.4951.54, chrome: {chromedriverVersion: 101.0.4951.41 (93c720db8323..., userDataDir: C:\Users\DELL\AppData\Local...}, goog:chromeOptions: {debuggerAddress: localhost:54558}, javascriptEnabled: true, networkConnectionEnabled: false, pageLoadStrategy: normal, platform: WINDOWS, platformName: WINDOWS, proxy: Proxy(), setWindowRect: true, strictFileInteractability: false, timeouts: {implicit: 0, pageLoad: 300000, script: 30000}, unhandledPromptBehavior: dismiss and notify, webauthn:extension:credBlob: true, webauthn:extension:largeBlob: true, webauthn:virtualAuthenticators: true}
Session ID: da62a7c9faf58e721975e075cd5a134a
at java.base/jdk.internal.reflect.NativeConstructorAccessorImpl.newInstance0(Native Method)
at java.base/jdk.internal.reflect.NativeConstructorAccessorImpl.newInstance(NativeConstructorAccessorImpl.java:77)
at java.base/jdk.internal.reflect.DelegatingConstructorAccessorImpl.newInstance(DelegatingConstructorAccessorImpl.java:45)
at java.base/java.lang.reflect.Constructor.newInstanceWithCaller(Constructor.java:499)
at java.base/java.lang.reflect.Constructor.newInstance(Constructor.java:480)
at org.openqa.selenium.remote.http.W3CHttpResponseCodec.createException(W3CHttpResponseCodec.java:187)
at org.openqa.selenium.remote.http.W3CHttpResponseCodec.decode(W3CHttpResponseCodec.java:122)
at org.openqa.selenium.remote.http.W3CHttpResponseCodec.decode(W3CHttpResponseCodec.java:49)
at org.openqa.selenium.remote.HttpCommandExecutor.execute(HttpCommandExecutor.java:158)
at org.openqa.selenium.remote.service.DriverCommandExecutor.execute(DriverCommandExecutor.java:83)
at org.openqa.selenium.remote.RemoteWebDriver.execute(RemoteWebDriver.java:552)
at org.openqa.selenium.remote.RemoteWebElement.execute(RemoteWebElement.java:285)
at org.openqa.selenium.remote.RemoteWebElement.click(RemoteWebElement.java:84)
at java.base/jdk.internal.reflect.NativeMethodAccessorImpl.invoke0(Native Method)
at java.base/jdk.internal.reflect.NativeMethodAccessorImpl.invoke(NativeMethodAccessorImpl.java:77)
at java.base/jdk.internal.reflect.DelegatingMethodAccessorImpl.invoke(DelegatingMethodAccessorImpl.java:43)
at java.base/java.lang.reflect.Method.invoke(Method.java:568)
at org.openqa.selenium.support.pagefactory.internal.LocatingElementHandler.invoke(LocatingElementHandler.java:51)
at jdk.proxy2/jdk.proxy2.$Proxy11.click(Unknown Source)
at Pages.HomePage.SearchByKeyword(HomePage.java:473)
at SRSproject.SRSproject.ProductDetailPageTest.Recently_viewedItems_validation(ProductDetailPageTest.java:97)
at java.base/jdk.internal.reflect.NativeMethodAccessorImpl.invoke0(Native Method)
at java.base/jdk.internal.reflect.NativeMethodAccessorImpl.invoke(NativeMethodAccessorImpl.java:77)
at java.base/jdk.internal.reflect.DelegatingMethodAccessorImpl.invoke(DelegatingMethodAccessorImpl.java:43)
at java.base/java.lang.reflect.Method.invoke(Method.java:568)
at org.testng.internal.MethodInvocationHelper.invokeMethod(MethodInvocationHelper.java:133)
at org.testng.internal.TestInvoker.invokeMethod(TestInvoker.java:598)
at org.testng.internal.TestInvoker.invokeTestMethod(TestInvoker.java:173)
at org.testng.internal.MethodRunner.runInSequence(MethodRunner.java:46)
at org.testng.internal.TestInvoker$MethodInvocationAgent.invoke(TestInvoker.java:824)
at org.testng.internal.TestInvoker.invokeTestMethods(TestInvoker.java:146)
at org.testng.internal.TestMethodWorker.invokeTestMethods(TestMethodWorker.java:146)
at org.testng.internal.TestMethodWorker.run(TestMethodWorker.java:128)
at java.base/java.util.ArrayList.forEach(ArrayList.java:1511)
at org.testng.TestRunner.privateRun(TestRunner.java:794)
at org.testng.TestRunner.run(TestRunner.java:596)
at org.testng.SuiteRunner.runTest(SuiteRunner.java:377)
at org.testng.SuiteRunner.runSequentially(SuiteRunner.java:371)
at org.testng.SuiteRunner.privateRun(SuiteRunner.java:332)
at org.testng.SuiteRunner.run(SuiteRunner.java:276)
at org.testng.SuiteRunnerWorker.runSuite(SuiteRunnerWorker.java:53)
at org.testng.SuiteRunnerWorker.run(SuiteRunnerWorker.java:96)
at org.testng.TestNG.runSuitesSequentially(TestNG.java:1212)
at org.testng.TestNG.runSuitesLocally(TestNG.java:1134)
at org.testng.TestNG.runSuites(TestNG.java:1063)
at org.testng.TestNG.run(TestNG.java:1031)
at org.testng.remote.AbstractRemoteTestNG.run(AbstractRemoteTestNG.java:115)
at org.testng.remote.RemoteTestNG.initAndRun(RemoteTestNG.java:251)
at org.testng.remote.RemoteTestNG.main(RemoteTestNG.java:77)
]]>
            </full-stacktrace>
          </exception> <!-- org.openqa.selenium.ElementClickInterceptedException -->
          <reporter-output>
          </reporter-output>
        </test-method> <!-- Recently_viewedItems_validation -->
        <test-method signature="RelatedProducts_validation()[pri:5, instance:SRSproject.SRSproject.ProductDetailPageTest@72e5a8e]" started-at="2022-07-06T15:15:54 IST" name="RelatedProducts_validation" description="validating Related Products Items is in PDP" finished-at="2022-07-06T15:16:13 IST" duration-ms="19110" status="PASS">
          <reporter-output>
          </reporter-output>
        </test-method> <!-- RelatedProducts_validation -->
        <test-method signature="Adding_RelatedProduct_validation()[pri:6, instance:SRSproject.SRSproject.ProductDetailPageTest@72e5a8e]" started-at="2022-07-06T15:16:13 IST" name="Adding_RelatedProduct_validation" description="validating Related Products Adding to Cart" finished-at="2022-07-06T15:16:16 IST" duration-ms="3055" status="PASS">
          <reporter-output>
          </reporter-output>
        </test-method> <!-- Adding_RelatedProduct_validation -->
        <test-method signature="UOM_Validation()[pri:7, instance:SRSproject.SRSproject.ProductDetailPageTest@72e5a8e]" started-at="2022-07-06T15:16:16 IST" name="UOM_Validation" description="Validating UOM in PDP" finished-at="2022-07-06T15:16:28 IST" duration-ms="12442" status="PASS">
          <reporter-output>
            <line>
              <![CDATA[UOM EA is Present in PLP]]>
            </line>
          </reporter-output>
        </test-method> <!-- UOM_Validation -->
      </class> <!-- SRSproject.SRSproject.ProductDetailPageTest -->
    </test> <!-- Default test -->
  </suite> <!-- Default suite -->
</testng-results>
