<?xml version="1.0" encoding="UTF-8"?>
<testng-results ignored="0" total="8" passed="8" failed="0" skipped="0">
  <reporter-output>
    <line>
      <![CDATA[UOM EA is Present in PLP]]>
    </line>
    <line>
      <![CDATA[UOM EA is Present in PLP]]>
    </line>
    <line>
      <![CDATA[Able to create new reorder pad]]>
    </line>
  </reporter-output>
  <suite started-at="2022-07-13T18:09:46 IST" name="Default suite" finished-at="2022-07-13T18:13:59 IST" duration-ms="252276">
    <groups>
    </groups>
    <test started-at="2022-07-13T18:09:46 IST" name="Default test" finished-at="2022-07-13T18:13:59 IST" duration-ms="252276">
      <class name="SRSproject.SRSproject.ReorderPage_Test">
        <test-method is-config="true" signature="beforeClass()[pri:0, instance:SRSproject.SRSproject.ReorderPage_Test@576d5deb]" started-at="2022-07-13T18:09:46 IST" name="beforeClass" finished-at="2022-07-13T18:09:50 IST" duration-ms="3894" status="PASS">
          <reporter-output>
          </reporter-output>
        </test-method> <!-- beforeClass -->
        <test-method signature="ReorderPage_Redirection()[pri:1, instance:SRSproject.SRSproject.ReorderPage_Test@576d5deb]" started-at="2022-07-13T18:09:50 IST" name="ReorderPage_Redirection" finished-at="2022-07-13T18:10:24 IST" duration-ms="33644" status="PASS">
          <reporter-output>
          </reporter-output>
        </test-method> <!-- ReorderPage_Redirection -->
        <test-method signature="UploadFile_Redirection()[pri:2, instance:SRSproject.SRSproject.ReorderPage_Test@576d5deb]" started-at="2022-07-13T18:10:24 IST" name="UploadFile_Redirection" finished-at="2022-07-13T18:10:52 IST" duration-ms="27929" status="PASS">
          <reporter-output>
          </reporter-output>
        </test-method> <!-- UploadFile_Redirection -->
        <test-method signature="UOM_Validation()[pri:3, instance:SRSproject.SRSproject.ReorderPage_Test@576d5deb]" started-at="2022-07-13T18:10:52 IST" name="UOM_Validation" finished-at="2022-07-13T18:10:57 IST" duration-ms="5227" status="PASS">
          <reporter-output>
            <line>
              <![CDATA[UOM EA is Present in PLP]]>
            </line>
            <line>
              <![CDATA[UOM EA is Present in PLP]]>
            </line>
          </reporter-output>
        </test-method> <!-- UOM_Validation -->
        <test-method signature="SaveAnReorderList_Validation()[pri:4, instance:SRSproject.SRSproject.ReorderPage_Test@576d5deb]" started-at="2022-07-13T18:10:57 IST" name="SaveAnReorderList_Validation" finished-at="2022-07-13T18:11:09 IST" duration-ms="11828" status="PASS">
          <reporter-output>
          </reporter-output>
        </test-method> <!-- SaveAnReorderList_Validation -->
        <test-method signature="CreateNewReorder_Redirection()[pri:5, instance:SRSproject.SRSproject.ReorderPage_Test@576d5deb]" started-at="2022-07-13T18:11:09 IST" name="CreateNewReorder_Redirection" finished-at="2022-07-13T18:11:28 IST" duration-ms="18886" status="PASS">
          <reporter-output>
          </reporter-output>
        </test-method> <!-- CreateNewReorder_Redirection -->
        <test-method signature="CreateNew_ReorderPad_AndLegacySearch_Validation()[pri:6, instance:SRSproject.SRSproject.ReorderPage_Test@576d5deb]" started-at="2022-07-13T18:11:28 IST" name="CreateNew_ReorderPad_AndLegacySearch_Validation" finished-at="2022-07-13T18:11:59 IST" duration-ms="31507" status="PASS">
          <reporter-output>
            <line>
              <![CDATA[Able to create new reorder pad]]>
            </line>
          </reporter-output>
        </test-method> <!-- CreateNew_ReorderPad_AndLegacySearch_Validation -->
        <test-method signature="View_Validation()[pri:7, instance:SRSproject.SRSproject.ReorderPage_Test@576d5deb]" started-at="2022-07-13T18:11:59 IST" name="View_Validation" finished-at="2022-07-13T18:13:05 IST" duration-ms="65314" status="PASS">
          <reporter-output>
          </reporter-output>
        </test-method> <!-- View_Validation -->
        <test-method signature="InvalidFile_Validation()[pri:9, instance:SRSproject.SRSproject.ReorderPage_Test@576d5deb]" started-at="2022-07-13T18:13:05 IST" name="InvalidFile_Validation" finished-at="2022-07-13T18:13:59 IST" duration-ms="53889" status="PASS">
          <reporter-output>
          </reporter-output>
        </test-method> <!-- InvalidFile_Validation -->
        <test-method is-config="true" signature="tearDown()[pri:0, instance:SRSproject.SRSproject.ReorderPage_Test@576d5deb]" started-at="2022-07-13T18:13:59 IST" name="tearDown" finished-at="2022-07-13T18:13:59 IST" duration-ms="128" status="PASS">
          <reporter-output>
          </reporter-output>
        </test-method> <!-- tearDown -->
      </class> <!-- SRSproject.SRSproject.ReorderPage_Test -->
    </test> <!-- Default test -->
  </suite> <!-- Default suite -->
</testng-results>
