<?xml version="1.0" encoding="UTF-8"?>
<testng-results ignored="3" total="4" passed="1" failed="0" skipped="0">
  <reporter-output>
  </reporter-output>
  <suite started-at="2022-05-06T17:28:59 IST" name="Default suite" finished-at="2022-05-06T17:29:11 IST" duration-ms="11880">
    <groups>
    </groups>
    <test started-at="2022-05-06T17:28:59 IST" name="Default test" finished-at="2022-05-06T17:29:11 IST" duration-ms="11880">
      <class name="SRSproject.SRSproject.LoginTest">
        <test-method is-config="true" signature="setUp()[pri:0, instance:SRSproject.SRSproject.LoginTest@7d4f9aae]" started-at="2022-05-06T17:28:37 IST" name="setUp" finished-at="2022-05-06T17:28:59 IST" duration-ms="21480" status="PASS">
          <reporter-output>
          </reporter-output>
        </test-method> <!-- setUp -->
        <test-method signature="UnApprovedLoginValidation()[pri:1, instance:SRSproject.SRSproject.LoginTest@7d4f9aae]" started-at="2022-05-06T17:28:59 IST" name="UnApprovedLoginValidation" finished-at="2022-05-06T17:29:11 IST" duration-ms="11853" status="PASS">
          <reporter-output>
          </reporter-output>
        </test-method> <!-- UnApprovedLoginValidation -->
      </class> <!-- SRSproject.SRSproject.LoginTest -->
    </test> <!-- Default test -->
  </suite> <!-- Default suite -->
</testng-results>
