<?xml version="1.0" encoding="UTF-8"?>
<testng-results ignored="0" total="10" passed="10" failed="0" skipped="0">
  <reporter-output>
    <line>
      <![CDATA[Items are listed in autosuggestion on Search by Keyword]]>
    </line>
    <line>
      <![CDATA[Items are listed in autosuggestion on Search by Part No]]>
    </line>
    <line>
      <![CDATA[Items are listed in search result page ]]>
    </line>
    <line>
      <![CDATA[Items are listed in autosuggestion on Search by legacy no]]>
    </line>
    <line>
      <![CDATA[Items are listed in search result page ]]>
    </line>
  </reporter-output>
  <suite started-at="2022-07-15T13:41:48 IST" name="Default suite" finished-at="2022-07-15T13:43:01 IST" duration-ms="73133">
    <groups>
    </groups>
    <test started-at="2022-07-15T13:41:48 IST" name="Default test" finished-at="2022-07-15T13:43:01 IST" duration-ms="73133">
      <class name="SRSproject.SRSproject.HomePage_Brands_Test">
        <test-method is-config="true" signature="beforeClass()[pri:0, instance:SRSproject.SRSproject.HomePage_Brands_Test@2d52216b]" started-at="2022-07-15T13:41:48 IST" name="beforeClass" finished-at="2022-07-15T13:41:59 IST" duration-ms="11249" status="PASS">
          <reporter-output>
          </reporter-output>
        </test-method> <!-- beforeClass -->
        <test-method signature="homepageglobal()[pri:1, instance:SRSproject.SRSproject.HomePage_Brands_Test@2d52216b]" started-at="2022-07-15T13:41:59 IST" name="homepageglobal" description="Brand Selection From layout" finished-at="2022-07-15T13:42:06 IST" duration-ms="7291" status="PASS">
          <reporter-output>
          </reporter-output>
        </test-method> <!-- homepageglobal -->
        <test-method signature="CategorySelection_Validation()[pri:2, instance:SRSproject.SRSproject.HomePage_Brands_Test@2d52216b]" started-at="2022-07-15T13:42:06 IST" name="CategorySelection_Validation" description="Category Selection From layout" finished-at="2022-07-15T13:42:10 IST" duration-ms="3905" status="PASS">
          <reporter-output>
          </reporter-output>
        </test-method> <!-- CategorySelection_Validation -->
        <test-method signature="Logo_Validation()[pri:4, instance:SRSproject.SRSproject.HomePage_Brands_Test@2d52216b]" started-at="2022-07-15T13:42:10 IST" name="Logo_Validation" description="Logo redirection" finished-at="2022-07-15T13:42:13 IST" duration-ms="2580" status="PASS">
          <reporter-output>
          </reporter-output>
        </test-method> <!-- Logo_Validation -->
        <test-method signature="siteMap_Redirection_Validation()[pri:5, instance:SRSproject.SRSproject.HomePage_Brands_Test@2d52216b]" started-at="2022-07-15T13:42:13 IST" name="siteMap_Redirection_Validation" description="Site Map link Redirection " finished-at="2022-07-15T13:42:19 IST" duration-ms="6517" status="PASS">
          <reporter-output>
          </reporter-output>
        </test-method> <!-- siteMap_Redirection_Validation -->
        <test-method signature="Terms_Redirection_Validation()[pri:7, instance:SRSproject.SRSproject.HomePage_Brands_Test@2d52216b]" started-at="2022-07-15T13:42:19 IST" name="Terms_Redirection_Validation" description="Terms link Redirection " finished-at="2022-07-15T13:42:24 IST" duration-ms="5313" status="PASS">
          <reporter-output>
          </reporter-output>
        </test-method> <!-- Terms_Redirection_Validation -->
        <test-method signature="Search_Keyword_Autosuggestion()[pri:9, instance:SRSproject.SRSproject.HomePage_Brands_Test@2d52216b]" started-at="2022-07-15T13:42:25 IST" name="Search_Keyword_Autosuggestion" description="Search by keyword and its autosuggestion" finished-at="2022-07-15T13:42:32 IST" duration-ms="7138" status="PASS">
          <reporter-output>
            <line>
              <![CDATA[Items are listed in autosuggestion on Search by Keyword]]>
            </line>
          </reporter-output>
        </test-method> <!-- Search_Keyword_Autosuggestion -->
        <test-method signature="Search_PartNo_Autosuggestion()[pri:10, instance:SRSproject.SRSproject.HomePage_Brands_Test@2d52216b]" started-at="2022-07-15T13:42:32 IST" name="Search_PartNo_Autosuggestion" description="Search by Partno and its autosuggestion" finished-at="2022-07-15T13:42:39 IST" duration-ms="6910" status="PASS">
          <reporter-output>
            <line>
              <![CDATA[Items are listed in autosuggestion on Search by Part No]]>
            </line>
          </reporter-output>
        </test-method> <!-- Search_PartNo_Autosuggestion -->
        <test-method signature="Search_KeywordValidation()[pri:11, instance:SRSproject.SRSproject.HomePage_Brands_Test@2d52216b]" started-at="2022-07-15T13:42:39 IST" name="Search_KeywordValidation" description="Search by keyword" finished-at="2022-07-15T13:42:47 IST" duration-ms="8033" status="PASS">
          <reporter-output>
            <line>
              <![CDATA[Items are listed in search result page ]]>
            </line>
          </reporter-output>
        </test-method> <!-- Search_KeywordValidation -->
        <test-method signature="Legacy_No_Autosuggestion()[pri:12, instance:SRSproject.SRSproject.HomePage_Brands_Test@2d52216b]" started-at="2022-07-15T13:42:47 IST" name="Legacy_No_Autosuggestion" description="Search by Legacy Part no and its autosuggestion" finished-at="2022-07-15T13:42:53 IST" duration-ms="6721" status="PASS">
          <reporter-output>
            <line>
              <![CDATA[Items are listed in autosuggestion on Search by legacy no]]>
            </line>
          </reporter-output>
        </test-method> <!-- Legacy_No_Autosuggestion -->
        <test-method signature="Legacy_SearchResult_Validation()[pri:13, instance:SRSproject.SRSproject.HomePage_Brands_Test@2d52216b]" started-at="2022-07-15T13:42:53 IST" name="Legacy_SearchResult_Validation" description="Search by keyword" finished-at="2022-07-15T13:43:01 IST" duration-ms="7322" status="PASS">
          <reporter-output>
            <line>
              <![CDATA[Items are listed in search result page ]]>
            </line>
          </reporter-output>
        </test-method> <!-- Legacy_SearchResult_Validation -->
        <test-method is-config="true" signature="tearDown()[pri:0, instance:SRSproject.SRSproject.HomePage_Brands_Test@2d52216b]" started-at="2022-07-15T13:43:01 IST" name="tearDown" finished-at="2022-07-15T13:43:01 IST" duration-ms="118" status="PASS">
          <reporter-output>
          </reporter-output>
        </test-method> <!-- tearDown -->
      </class> <!-- SRSproject.SRSproject.HomePage_Brands_Test -->
    </test> <!-- Default test -->
  </suite> <!-- Default suite -->
</testng-results>
