<?xml version="1.0" encoding="UTF-8"?>
<testng-results ignored="0" total="9" passed="9" failed="0" skipped="0">
  <reporter-output>
  </reporter-output>
  <suite started-at="2022-07-11T18:48:09 IST" name="Default suite" finished-at="2022-07-11T18:52:11 IST" duration-ms="241764">
    <groups>
    </groups>
    <test started-at="2022-07-11T18:48:09 IST" name="Default test" finished-at="2022-07-11T18:52:11 IST" duration-ms="241764">
      <class name="SRSproject.SRSproject.InvoiceTest">
        <test-method is-config="true" signature="beforeClass()[pri:0, instance:SRSproject.SRSproject.InvoiceTest@4f80542f]" started-at="2022-07-11T18:48:09 IST" name="beforeClass" finished-at="2022-07-11T18:48:13 IST" duration-ms="3457" status="PASS">
          <reporter-output>
          </reporter-output>
        </test-method> <!-- beforeClass -->
        <test-method signature="invoices()[pri:1, instance:SRSproject.SRSproject.InvoiceTest@4f80542f]" started-at="2022-07-11T18:48:13 IST" name="invoices" finished-at="2022-07-11T18:49:11 IST" duration-ms="58309" status="PASS">
          <reporter-output>
          </reporter-output>
        </test-method> <!-- invoices -->
        <test-method signature="DropdownPagesSelected()[pri:2, instance:SRSproject.SRSproject.InvoiceTest@4f80542f]" started-at="2022-07-11T18:49:11 IST" name="DropdownPagesSelected" description="validate if we are give the dropdown value as 20 how many pages shown" finished-at="2022-07-11T18:49:11 IST" duration-ms="123" status="PASS">
          <reporter-output>
          </reporter-output>
        </test-method> <!-- DropdownPagesSelected -->
        <test-method signature="InvoiceSearchUsingInvoice_No_Po_No()[pri:3, instance:SRSproject.SRSproject.InvoiceTest@4f80542f]" started-at="2022-07-11T18:49:11 IST" name="InvoiceSearchUsingInvoice_No_Po_No" description="Search using Invoice NO &amp; PO  and Validate the No found after search results " finished-at="2022-07-11T18:49:45 IST" duration-ms="33591" status="PASS">
          <reporter-output>
          </reporter-output>
        </test-method> <!-- InvoiceSearchUsingInvoice_No_Po_No -->
        <test-method signature="InvoiceNumbervalidation()[pri:4, instance:SRSproject.SRSproject.InvoiceTest@4f80542f]" started-at="2022-07-11T18:49:45 IST" name="InvoiceNumbervalidation" description="Invoice Numbers validation  after clicking " finished-at="2022-07-11T18:49:59 IST" duration-ms="14028" status="PASS">
          <reporter-output>
          </reporter-output>
        </test-method> <!-- InvoiceNumbervalidation -->
        <test-method signature="CheckBox()[pri:5, instance:SRSproject.SRSproject.InvoiceTest@4f80542f]" started-at="2022-07-11T18:49:59 IST" name="CheckBox" description="check the checkbox are select or not" finished-at="2022-07-11T18:50:27 IST" duration-ms="27753" status="PASS">
          <reporter-output>
          </reporter-output>
        </test-method> <!-- CheckBox -->
        <test-method signature="Invoice_SecondPage_Listing()[pri:6, instance:SRSproject.SRSproject.InvoiceTest@4f80542f]" started-at="2022-07-11T18:50:27 IST" name="Invoice_SecondPage_Listing" finished-at="2022-07-11T18:50:51 IST" duration-ms="24558" status="PASS">
          <reporter-output>
          </reporter-output>
        </test-method> <!-- Invoice_SecondPage_Listing -->
        <test-method signature="DownlodFileInvoiceCSV()[pri:7, instance:SRSproject.SRSproject.InvoiceTest@4f80542f]" started-at="2022-07-11T18:50:51 IST" name="DownlodFileInvoiceCSV" finished-at="2022-07-11T18:51:37 IST" duration-ms="45823" status="PASS">
          <reporter-output>
          </reporter-output>
        </test-method> <!-- DownlodFileInvoiceCSV -->
        <test-method signature="DownlodFileInvoiceXL()[pri:8, instance:SRSproject.SRSproject.InvoiceTest@4f80542f]" started-at="2022-07-11T18:51:37 IST" name="DownlodFileInvoiceXL" finished-at="2022-07-11T18:52:04 IST" duration-ms="26869" status="PASS">
          <reporter-output>
          </reporter-output>
        </test-method> <!-- DownlodFileInvoiceXL -->
        <test-method signature="Downloaded_File_validation()[pri:9, instance:SRSproject.SRSproject.InvoiceTest@4f80542f]" started-at="2022-07-11T18:52:04 IST" name="Downloaded_File_validation" description="Verify that the downloaded file has the order listed in front end" finished-at="2022-07-11T18:52:11 IST" duration-ms="7120" status="PASS">
          <reporter-output>
          </reporter-output>
        </test-method> <!-- Downloaded_File_validation -->
        <test-method is-config="true" signature="tearDown()[pri:0, instance:SRSproject.SRSproject.InvoiceTest@4f80542f]" started-at="2022-07-11T18:52:11 IST" name="tearDown" finished-at="2022-07-11T18:52:11 IST" duration-ms="101" status="PASS">
          <reporter-output>
          </reporter-output>
        </test-method> <!-- tearDown -->
      </class> <!-- SRSproject.SRSproject.InvoiceTest -->
    </test> <!-- Default test -->
  </suite> <!-- Default suite -->
</testng-results>
