<?xml version="1.0" encoding="UTF-8"?>
<testng-results ignored="0" total="8" passed="7" failed="1" skipped="0">
  <reporter-output>
    <line>
      <![CDATA[UOM EA is Present in PLP]]>
    </line>
    <line>
      <![CDATA[UOM EA is Present in PLP]]>
    </line>
    <line>
      <![CDATA[Able to create new reorder pad]]>
    </line>
  </reporter-output>
  <suite started-at="2022-07-07T10:19:33 IST" name="Default suite" finished-at="2022-07-07T10:24:50 IST" duration-ms="316217">
    <groups>
    </groups>
    <test started-at="2022-07-07T10:19:33 IST" name="Default test" finished-at="2022-07-07T10:24:50 IST" duration-ms="316217">
      <class name="SRSproject.SRSproject.ReorderPage_Test">
        <test-method is-config="true" signature="beforeClass()[pri:0, instance:SRSproject.SRSproject.ReorderPage_Test@576d5deb]" started-at="2022-07-07T10:19:33 IST" name="beforeClass" finished-at="2022-07-07T10:19:38 IST" duration-ms="4536" status="PASS">
          <reporter-output>
          </reporter-output>
        </test-method> <!-- beforeClass -->
        <test-method signature="ReorderPage_Redirection()[pri:1, instance:SRSproject.SRSproject.ReorderPage_Test@576d5deb]" started-at="2022-07-07T10:19:38 IST" name="ReorderPage_Redirection" finished-at="2022-07-07T10:20:12 IST" duration-ms="34180" status="PASS">
          <reporter-output>
          </reporter-output>
        </test-method> <!-- ReorderPage_Redirection -->
        <test-method signature="UploadFile_Redirection()[pri:2, instance:SRSproject.SRSproject.ReorderPage_Test@576d5deb]" started-at="2022-07-07T10:20:12 IST" name="UploadFile_Redirection" finished-at="2022-07-07T10:20:43 IST" duration-ms="30553" status="PASS">
          <reporter-output>
          </reporter-output>
        </test-method> <!-- UploadFile_Redirection -->
        <test-method signature="UOM_Validation()[pri:3, instance:SRSproject.SRSproject.ReorderPage_Test@576d5deb]" started-at="2022-07-07T10:20:43 IST" name="UOM_Validation" finished-at="2022-07-07T10:20:48 IST" duration-ms="5237" status="PASS">
          <reporter-output>
            <line>
              <![CDATA[UOM EA is Present in PLP]]>
            </line>
            <line>
              <![CDATA[UOM EA is Present in PLP]]>
            </line>
          </reporter-output>
        </test-method> <!-- UOM_Validation -->
        <test-method signature="SaveAnReorderList_Validation()[pri:4, instance:SRSproject.SRSproject.ReorderPage_Test@576d5deb]" started-at="2022-07-07T10:20:48 IST" name="SaveAnReorderList_Validation" finished-at="2022-07-07T10:21:00 IST" duration-ms="11765" status="PASS">
          <reporter-output>
          </reporter-output>
        </test-method> <!-- SaveAnReorderList_Validation -->
        <test-method signature="CreateNewReorder_Redirection()[pri:5, instance:SRSproject.SRSproject.ReorderPage_Test@576d5deb]" started-at="2022-07-07T10:21:00 IST" name="CreateNewReorder_Redirection" finished-at="2022-07-07T10:21:19 IST" duration-ms="19808" status="PASS">
          <reporter-output>
          </reporter-output>
        </test-method> <!-- CreateNewReorder_Redirection -->
        <test-method signature="CreateNew_ReorderPad_AndLegacySearch_Validation()[pri:6, instance:SRSproject.SRSproject.ReorderPage_Test@576d5deb]" started-at="2022-07-07T10:21:19 IST" name="CreateNew_ReorderPad_AndLegacySearch_Validation" finished-at="2022-07-07T10:21:45 IST" duration-ms="25729" status="PASS">
          <reporter-output>
            <line>
              <![CDATA[Able to create new reorder pad]]>
            </line>
          </reporter-output>
        </test-method> <!-- CreateNew_ReorderPad_AndLegacySearch_Validation -->
        <test-method signature="View_Validation()[pri:7, instance:SRSproject.SRSproject.ReorderPage_Test@576d5deb]" started-at="2022-07-07T10:21:45 IST" name="View_Validation" finished-at="2022-07-07T10:23:52 IST" duration-ms="126626" status="PASS">
          <reporter-output>
          </reporter-output>
        </test-method> <!-- View_Validation -->
        <test-method signature="InvalidFile_Validation()[pri:9, instance:SRSproject.SRSproject.ReorderPage_Test@576d5deb]" started-at="2022-07-07T10:23:52 IST" name="InvalidFile_Validation" finished-at="2022-07-07T10:24:49 IST" duration-ms="57365" status="FAIL">
          <exception class="org.openqa.selenium.NoSuchElementException">
            <message>
              <![CDATA[no such element: Unable to locate element: {"method":"xpath","selector":"//div[@id='swal2-content']"}
  (Session info: chrome=101.0.4951.54)
For documentation on this error, please visit: https://www.seleniumhq.org/exceptions/no_such_element.html
Build info: version: '3.141.59', revision: 'e82be7d358', time: '2018-11-14T08:17:03'
System info: host: 'L295-W-MARIRAJP', ip: '192.168.1.3', os.name: 'Windows 10', os.arch: 'amd64', os.version: '10.0', java.version: '17.0.1'
Driver info: org.openqa.selenium.chrome.ChromeDriver
Capabilities {acceptInsecureCerts: false, browserName: chrome, browserVersion: 101.0.4951.54, chrome: {chromedriverVersion: 101.0.4951.41 (93c720db8323..., userDataDir: C:\Users\DELL\AppData\Local...}, goog:chromeOptions: {debuggerAddress: localhost:50047}, javascriptEnabled: true, networkConnectionEnabled: false, pageLoadStrategy: normal, platform: WINDOWS, platformName: WINDOWS, proxy: Proxy(), setWindowRect: true, strictFileInteractability: false, timeouts: {implicit: 0, pageLoad: 300000, script: 30000}, unhandledPromptBehavior: dismiss and notify, webauthn:extension:credBlob: true, webauthn:extension:largeBlob: true, webauthn:virtualAuthenticators: true}
Session ID: 8e5aa2afb389758bf2a3d34c0f1f2977
*** Element info: {Using=xpath, value=//div[@id='swal2-content']}]]>
            </message>
            <full-stacktrace>
              <![CDATA[org.openqa.selenium.NoSuchElementException: no such element: Unable to locate element: {"method":"xpath","selector":"//div[@id='swal2-content']"}
  (Session info: chrome=101.0.4951.54)
For documentation on this error, please visit: https://www.seleniumhq.org/exceptions/no_such_element.html
Build info: version: '3.141.59', revision: 'e82be7d358', time: '2018-11-14T08:17:03'
System info: host: 'L295-W-MARIRAJP', ip: '192.168.1.3', os.name: 'Windows 10', os.arch: 'amd64', os.version: '10.0', java.version: '17.0.1'
Driver info: org.openqa.selenium.chrome.ChromeDriver
Capabilities {acceptInsecureCerts: false, browserName: chrome, browserVersion: 101.0.4951.54, chrome: {chromedriverVersion: 101.0.4951.41 (93c720db8323..., userDataDir: C:\Users\DELL\AppData\Local...}, goog:chromeOptions: {debuggerAddress: localhost:50047}, javascriptEnabled: true, networkConnectionEnabled: false, pageLoadStrategy: normal, platform: WINDOWS, platformName: WINDOWS, proxy: Proxy(), setWindowRect: true, strictFileInteractability: false, timeouts: {implicit: 0, pageLoad: 300000, script: 30000}, unhandledPromptBehavior: dismiss and notify, webauthn:extension:credBlob: true, webauthn:extension:largeBlob: true, webauthn:virtualAuthenticators: true}
Session ID: 8e5aa2afb389758bf2a3d34c0f1f2977
*** Element info: {Using=xpath, value=//div[@id='swal2-content']}
at jdk.internal.reflect.GeneratedConstructorAccessor15.newInstance(Unknown Source)
at java.base/jdk.internal.reflect.DelegatingConstructorAccessorImpl.newInstance(DelegatingConstructorAccessorImpl.java:45)
at java.base/java.lang.reflect.Constructor.newInstanceWithCaller(Constructor.java:499)
at java.base/java.lang.reflect.Constructor.newInstance(Constructor.java:480)
at org.openqa.selenium.remote.http.W3CHttpResponseCodec.createException(W3CHttpResponseCodec.java:187)
at org.openqa.selenium.remote.http.W3CHttpResponseCodec.decode(W3CHttpResponseCodec.java:122)
at org.openqa.selenium.remote.http.W3CHttpResponseCodec.decode(W3CHttpResponseCodec.java:49)
at org.openqa.selenium.remote.HttpCommandExecutor.execute(HttpCommandExecutor.java:158)
at org.openqa.selenium.remote.service.DriverCommandExecutor.execute(DriverCommandExecutor.java:83)
at org.openqa.selenium.remote.RemoteWebDriver.execute(RemoteWebDriver.java:552)
at org.openqa.selenium.remote.RemoteWebDriver.findElement(RemoteWebDriver.java:323)
at org.openqa.selenium.remote.RemoteWebDriver.findElementByXPath(RemoteWebDriver.java:428)
at org.openqa.selenium.By$ByXPath.findElement(By.java:353)
at org.openqa.selenium.remote.RemoteWebDriver.findElement(RemoteWebDriver.java:315)
at org.openqa.selenium.support.pagefactory.DefaultElementLocator.findElement(DefaultElementLocator.java:69)
at org.openqa.selenium.support.pagefactory.internal.LocatingElementHandler.invoke(LocatingElementHandler.java:38)
at jdk.proxy2/jdk.proxy2.$Proxy12.getText(Unknown Source)
at Pages.Reorder_Page.ItemsNotAdded_Notification(Reorder_Page.java:160)
at SRSproject.SRSproject.ReorderPage_Test.InvalidFile_Validation(ReorderPage_Test.java:213)
at java.base/jdk.internal.reflect.NativeMethodAccessorImpl.invoke0(Native Method)
at java.base/jdk.internal.reflect.NativeMethodAccessorImpl.invoke(NativeMethodAccessorImpl.java:77)
at java.base/jdk.internal.reflect.DelegatingMethodAccessorImpl.invoke(DelegatingMethodAccessorImpl.java:43)
at java.base/java.lang.reflect.Method.invoke(Method.java:568)
at org.testng.internal.MethodInvocationHelper.invokeMethod(MethodInvocationHelper.java:133)
at org.testng.internal.TestInvoker.invokeMethod(TestInvoker.java:598)
at org.testng.internal.TestInvoker.invokeTestMethod(TestInvoker.java:173)
at org.testng.internal.MethodRunner.runInSequence(MethodRunner.java:46)
at org.testng.internal.TestInvoker$MethodInvocationAgent.invoke(TestInvoker.java:824)
at org.testng.internal.TestInvoker.invokeTestMethods(TestInvoker.java:146)
at org.testng.internal.TestMethodWorker.invokeTestMethods(TestMethodWorker.java:146)
at org.testng.internal.TestMethodWorker.run(TestMethodWorker.java:128)
at java.base/java.util.ArrayList.forEach(ArrayList.java:1511)
at org.testng.TestRunner.privateRun(TestRunner.java:794)
at org.testng.TestRunner.run(TestRunner.java:596)
at org.testng.SuiteRunner.runTest(SuiteRunner.java:377)
at org.testng.SuiteRunner.runSequentially(SuiteRunner.java:371)
at org.testng.SuiteRunner.privateRun(SuiteRunner.java:332)
at org.testng.SuiteRunner.run(SuiteRunner.java:276)
at org.testng.SuiteRunnerWorker.runSuite(SuiteRunnerWorker.java:53)
at org.testng.SuiteRunnerWorker.run(SuiteRunnerWorker.java:96)
at org.testng.TestNG.runSuitesSequentially(TestNG.java:1212)
at org.testng.TestNG.runSuitesLocally(TestNG.java:1134)
at org.testng.TestNG.runSuites(TestNG.java:1063)
at org.testng.TestNG.run(TestNG.java:1031)
at org.testng.remote.AbstractRemoteTestNG.run(AbstractRemoteTestNG.java:115)
at org.testng.remote.RemoteTestNG.initAndRun(RemoteTestNG.java:251)
at org.testng.remote.RemoteTestNG.main(RemoteTestNG.java:77)
]]>
            </full-stacktrace>
          </exception> <!-- org.openqa.selenium.NoSuchElementException -->
          <reporter-output>
          </reporter-output>
        </test-method> <!-- InvalidFile_Validation -->
        <test-method is-config="true" signature="tearDown()[pri:0, instance:SRSproject.SRSproject.ReorderPage_Test@576d5deb]" started-at="2022-07-07T10:24:49 IST" name="tearDown" finished-at="2022-07-07T10:24:50 IST" duration-ms="360" status="PASS">
          <reporter-output>
          </reporter-output>
        </test-method> <!-- tearDown -->
      </class> <!-- SRSproject.SRSproject.ReorderPage_Test -->
    </test> <!-- Default test -->
  </suite> <!-- Default suite -->
</testng-results>
