<?xml version="1.0" encoding="UTF-8"?>
<testng-results ignored="0" total="6" passed="6" failed="0" skipped="0">
  <reporter-output>
    <line>
      <![CDATA[Items price is same in PDP and Cart Page i.e Cart Price : 1552.72 = PDP Price : 1552.72]]>
    </line>
    <line>
      <![CDATA[Items are added from cart to Reorder List selected]]>
    </line>
  </reporter-output>
  <suite started-at="2022-05-11T17:48:36 IST" name="Default suite" finished-at="2022-05-11T17:50:56 IST" duration-ms="139737">
    <groups>
    </groups>
    <test started-at="2022-05-11T17:48:36 IST" name="Default test" finished-at="2022-05-11T17:50:56 IST" duration-ms="139737">
      <class name="SRSproject.SRSproject.CartPageTest">
        <test-method is-config="true" signature="setUp()[pri:0, instance:SRSproject.SRSproject.CartPageTest@428640fa]" started-at="2022-05-11T17:48:33 IST" name="setUp" finished-at="2022-05-11T17:48:36 IST" duration-ms="3408" status="PASS">
          <reporter-output>
          </reporter-output>
        </test-method> <!-- setUp -->
        <test-method signature="MiniCartToCartPage_Redirection()[pri:1, instance:SRSproject.SRSproject.CartPageTest@428640fa]" started-at="2022-05-11T17:48:36 IST" name="MiniCartToCartPage_Redirection" description="Minicart to cartpage redirection" finished-at="2022-05-11T17:49:31 IST" duration-ms="54850" status="PASS">
          <reporter-output>
          </reporter-output>
        </test-method> <!-- MiniCartToCartPage_Redirection -->
        <test-method signature="ProductInformationValidation()[pri:2, instance:SRSproject.SRSproject.CartPageTest@428640fa]" started-at="2022-05-11T17:49:31 IST" name="ProductInformationValidation" description="Pricing validaiton" finished-at="2022-05-11T17:49:56 IST" duration-ms="24586" status="PASS">
          <reporter-output>
            <line>
              <![CDATA[Items price is same in PDP and Cart Page i.e Cart Price : 1552.72 = PDP Price : 1552.72]]>
            </line>
          </reporter-output>
        </test-method> <!-- ProductInformationValidation -->
        <test-method signature="CartSubtotalValidationfn()[pri:3, instance:SRSproject.SRSproject.CartPageTest@428640fa]" started-at="2022-05-11T17:49:56 IST" name="CartSubtotalValidationfn" description="Subtotal validation" finished-at="2022-05-11T17:49:56 IST" duration-ms="313" status="PASS">
          <reporter-output>
          </reporter-output>
        </test-method> <!-- CartSubtotalValidationfn -->
        <test-method signature="CartUpdateValidation()[pri:4, instance:SRSproject.SRSproject.CartPageTest@428640fa]" started-at="2022-05-11T17:49:56 IST" name="CartUpdateValidation" description="Updating cart Validation" finished-at="2022-05-11T17:50:04 IST" duration-ms="8239" status="PASS">
          <reporter-output>
          </reporter-output>
        </test-method> <!-- CartUpdateValidation -->
        <test-method signature="AddItemToCart_Validation()[pri:5, instance:SRSproject.SRSproject.CartPageTest@428640fa]" started-at="2022-05-11T17:50:04 IST" name="AddItemToCart_Validation" description="Adding item to cart using search option in cart page" finished-at="2022-05-11T17:50:33 IST" duration-ms="28346" status="PASS">
          <reporter-output>
          </reporter-output>
        </test-method> <!-- AddItemToCart_Validation -->
        <test-method signature="Reorder_Validation()[pri:6, instance:SRSproject.SRSproject.CartPageTest@428640fa]" started-at="2022-05-11T17:50:33 IST" name="Reorder_Validation" description="Adding items to an reorder list" finished-at="2022-05-11T17:50:56 IST" duration-ms="23375" status="PASS">
          <reporter-output>
            <line>
              <![CDATA[Items are added from cart to Reorder List selected]]>
            </line>
          </reporter-output>
        </test-method> <!-- Reorder_Validation -->
      </class> <!-- SRSproject.SRSproject.CartPageTest -->
    </test> <!-- Default test -->
  </suite> <!-- Default suite -->
</testng-results>
