<?xml version="1.0" encoding="UTF-8"?>
<testng-results ignored="0" total="1" passed="1" failed="0" skipped="0">
  <reporter-output>
  </reporter-output>
  <suite started-at="2022-07-12T11:47:18 IST" name="Default suite" finished-at="2022-07-12T11:47:33 IST" duration-ms="15216">
    <groups>
    </groups>
    <test started-at="2022-07-12T11:47:18 IST" name="Default test" finished-at="2022-07-12T11:47:33 IST" duration-ms="15216">
      <class name="SRSproject.SRSproject.LoadTimeCalculation">
        <test-method is-config="true" signature="login()[pri:0, instance:SRSproject.SRSproject.LoadTimeCalculation@48974e45]" started-at="2022-07-12T11:47:18 IST" name="login" finished-at="2022-07-12T11:47:33 IST" duration-ms="15180" status="PASS">
          <reporter-output>
          </reporter-output>
        </test-method> <!-- login -->
        <test-method signature="LoadTime()[pri:0, instance:SRSproject.SRSproject.LoadTimeCalculation@48974e45]" started-at="2022-07-12T11:47:33 IST" name="LoadTime" finished-at="2022-07-12T11:47:33 IST" duration-ms="12" status="PASS">
          <reporter-output>
          </reporter-output>
        </test-method> <!-- LoadTime -->
      </class> <!-- SRSproject.SRSproject.LoadTimeCalculation -->
    </test> <!-- Default test -->
  </suite> <!-- Default suite -->
</testng-results>
