<?xml version="1.0" encoding="UTF-8"?>
<testng-results ignored="0" total="12" passed="12" failed="0" skipped="0">
  <reporter-output>
    <line>
      <![CDATA[Items price is same in PDP and Cart Page i.e Cart Price : 2.22 = PDP Price : 2.22]]>
    </line>
    <line>
      <![CDATA[UOM EA is Present in PLP]]>
    </line>
    <line>
      <![CDATA[Product Inventory count is Present]]>
    </line>
    <line>
      <![CDATA[Quantity was present now Backorder Warning is Present]]>
    </line>
    <line>
      <![CDATA[Items are added from cart to Reorder List selected]]>
    </line>
    <line>
      <![CDATA[Items are added from cart to Reorder List selected]]>
    </line>
  </reporter-output>
  <suite started-at="2022-07-15T09:39:12 IST" name="Default suite" finished-at="2022-07-15T09:45:20 IST" duration-ms="368130">
    <groups>
    </groups>
    <test started-at="2022-07-15T09:39:12 IST" name="Default test" finished-at="2022-07-15T09:45:20 IST" duration-ms="368130">
      <class name="SRSproject.SRSproject.CartPageTest">
        <test-method is-config="true" signature="beforeClass()[pri:0, instance:SRSproject.SRSproject.CartPageTest@3f6f6701]" started-at="2022-07-15T09:39:12 IST" name="beforeClass" finished-at="2022-07-15T09:39:16 IST" duration-ms="4051" status="PASS">
          <reporter-output>
          </reporter-output>
        </test-method> <!-- beforeClass -->
        <test-method signature="MiniCartToCartPage_Redirection()[pri:1, instance:SRSproject.SRSproject.CartPageTest@3f6f6701]" started-at="2022-07-15T09:39:16 IST" name="MiniCartToCartPage_Redirection" description="Minicart to cartpage redirection" finished-at="2022-07-15T09:40:56 IST" duration-ms="100431" status="PASS">
          <reporter-output>
          </reporter-output>
        </test-method> <!-- MiniCartToCartPage_Redirection -->
        <test-method signature="ProductInformationValidation()[pri:2, instance:SRSproject.SRSproject.CartPageTest@3f6f6701]" started-at="2022-07-15T09:40:56 IST" name="ProductInformationValidation" description="Pricing validaiton" finished-at="2022-07-15T09:41:24 IST" duration-ms="28048" status="PASS">
          <reporter-output>
            <line>
              <![CDATA[Items price is same in PDP and Cart Page i.e Cart Price : 2.22 = PDP Price : 2.22]]>
            </line>
          </reporter-output>
        </test-method> <!-- ProductInformationValidation -->
        <test-method signature="CartSubtotalValidationfn()[pri:3, instance:SRSproject.SRSproject.CartPageTest@3f6f6701]" started-at="2022-07-15T09:41:24 IST" name="CartSubtotalValidationfn" description="Subtotal validation" finished-at="2022-07-15T09:41:27 IST" duration-ms="2400" status="PASS">
          <reporter-output>
          </reporter-output>
        </test-method> <!-- CartSubtotalValidationfn -->
        <test-method signature="CartUpdateValidation()[pri:4, instance:SRSproject.SRSproject.CartPageTest@3f6f6701]" started-at="2022-07-15T09:41:27 IST" name="CartUpdateValidation" description="Updating cart Validation" finished-at="2022-07-15T09:41:35 IST" duration-ms="8314" status="PASS">
          <reporter-output>
          </reporter-output>
        </test-method> <!-- CartUpdateValidation -->
        <test-method signature="UOM_Validation()[pri:5, instance:SRSproject.SRSproject.CartPageTest@3f6f6701]" started-at="2022-07-15T09:41:35 IST" name="UOM_Validation" description="UOM displayed for the product" finished-at="2022-07-15T09:41:42 IST" duration-ms="7040" status="PASS">
          <reporter-output>
            <line>
              <![CDATA[UOM EA is Present in PLP]]>
            </line>
          </reporter-output>
        </test-method> <!-- UOM_Validation -->
        <test-method signature="AddItemToCart_Validation()[pri:6, instance:SRSproject.SRSproject.CartPageTest@3f6f6701]" started-at="2022-07-15T09:41:42 IST" name="AddItemToCart_Validation" description="Adding item to cart using search option in cart page" finished-at="2022-07-15T09:42:45 IST" duration-ms="63593" status="PASS">
          <reporter-output>
          </reporter-output>
        </test-method> <!-- AddItemToCart_Validation -->
        <test-method signature="Inventory_Count()[pri:6, instance:SRSproject.SRSproject.CartPageTest@3f6f6701]" started-at="2022-07-15T09:42:45 IST" name="Inventory_Count" description="Inventory Count" finished-at="2022-07-15T09:42:46 IST" duration-ms="77" status="PASS">
          <reporter-output>
            <line>
              <![CDATA[Product Inventory count is Present]]>
            </line>
          </reporter-output>
        </test-method> <!-- Inventory_Count -->
        <test-method signature="Backorder_Warning()[pri:7, instance:SRSproject.SRSproject.CartPageTest@3f6f6701]" started-at="2022-07-15T09:42:46 IST" name="Backorder_Warning" description="BackOrder Warning" finished-at="2022-07-15T09:42:55 IST" duration-ms="9339" status="PASS">
          <reporter-output>
            <line>
              <![CDATA[Quantity was present now Backorder Warning is Present]]>
            </line>
          </reporter-output>
        </test-method> <!-- Backorder_Warning -->
        <test-method signature="Leagacy_PartNo_Validation()[pri:7, instance:SRSproject.SRSproject.CartPageTest@3f6f6701]" started-at="2022-07-15T09:42:55 IST" name="Leagacy_PartNo_Validation" description="Adding item to cart using legacy part no search" finished-at="2022-07-15T09:43:22 IST" duration-ms="26949" status="PASS">
          <reporter-output>
          </reporter-output>
        </test-method> <!-- Leagacy_PartNo_Validation -->
        <test-method signature="QuatityCount_Displayed_Validation()[pri:8, instance:SRSproject.SRSproject.CartPageTest@3f6f6701]" started-at="2022-07-15T09:43:22 IST" name="QuatityCount_Displayed_Validation" description="Quatity Count displayed above table" finished-at="2022-07-15T09:43:22 IST" duration-ms="97" status="PASS">
          <reporter-output>
          </reporter-output>
        </test-method> <!-- QuatityCount_Displayed_Validation -->
        <test-method signature="Reorder_Validation()[pri:9, instance:SRSproject.SRSproject.CartPageTest@3f6f6701]" started-at="2022-07-15T09:43:22 IST" name="Reorder_Validation" description="Adding items to an reorder list" finished-at="2022-07-15T09:43:51 IST" duration-ms="29530" status="PASS">
          <reporter-output>
            <line>
              <![CDATA[Items are added from cart to Reorder List selected]]>
            </line>
          </reporter-output>
        </test-method> <!-- Reorder_Validation -->
        <test-method signature="AddItemToCart_ValidationTo_Reorder()[pri:10, instance:SRSproject.SRSproject.CartPageTest@3f6f6701]" started-at="2022-07-15T09:43:51 IST" name="AddItemToCart_ValidationTo_Reorder" description="Adding item  cart to reorder validate the item will be added or nt  " finished-at="2022-07-15T09:45:19 IST" duration-ms="87940" status="PASS">
          <reporter-output>
            <line>
              <![CDATA[Items are added from cart to Reorder List selected]]>
            </line>
          </reporter-output>
        </test-method> <!-- AddItemToCart_ValidationTo_Reorder -->
        <test-method is-config="true" signature="tearDown()[pri:0, instance:SRSproject.SRSproject.CartPageTest@3f6f6701]" started-at="2022-07-15T09:45:19 IST" name="tearDown" finished-at="2022-07-15T09:45:20 IST" duration-ms="258" status="PASS">
          <reporter-output>
          </reporter-output>
        </test-method> <!-- tearDown -->
      </class> <!-- SRSproject.SRSproject.CartPageTest -->
    </test> <!-- Default test -->
  </suite> <!-- Default suite -->
</testng-results>
