<?xml version="1.0" encoding="UTF-8"?>
<testng-results ignored="0" total="7" passed="6" failed="1" skipped="0">
  <reporter-output>
    <line>
      <![CDATA[Items added to bulk order as expected]]>
    </line>
    <line>
      <![CDATA[Items added to bulk order as expected]]>
    </line>
    <line>
      <![CDATA[Items added to bulk order as expected]]>
    </line>
    <line>
      <![CDATA[Items added to cart]]>
    </line>
    <line>
      <![CDATA[Items are uploaded]]>
    </line>
  </reporter-output>
  <suite started-at="2022-06-09T17:15:38 IST" name="Default suite" finished-at="2022-06-09T17:18:26 IST" duration-ms="168534">
    <groups>
    </groups>
    <test started-at="2022-06-09T17:15:38 IST" name="Default test" finished-at="2022-06-09T17:18:26 IST" duration-ms="168534">
      <class name="SRSproject.SRSproject.BulkOrderPadTest">
        <test-method is-config="true" signature="setUp()[pri:0, instance:SRSproject.SRSproject.BulkOrderPadTest@771a660]" started-at="2022-06-09T17:15:33 IST" name="setUp" finished-at="2022-06-09T17:15:38 IST" duration-ms="5124" status="PASS">
          <reporter-output>
          </reporter-output>
        </test-method> <!-- setUp -->
        <test-method signature="BulOrder_Redirection()[pri:1, instance:SRSproject.SRSproject.BulkOrderPadTest@771a660]" started-at="2022-06-09T17:15:38 IST" name="BulOrder_Redirection" finished-at="2022-06-09T17:16:10 IST" duration-ms="31865" status="PASS">
          <reporter-output>
          </reporter-output>
        </test-method> <!-- BulOrder_Redirection -->
        <test-method signature="AddItemtoBulkOrder_Validation()[pri:2, instance:SRSproject.SRSproject.BulkOrderPadTest@771a660]" started-at="2022-06-09T17:16:10 IST" name="AddItemtoBulkOrder_Validation" finished-at="2022-06-09T17:16:36 IST" duration-ms="26393" status="PASS">
          <reporter-output>
            <line>
              <![CDATA[Items added to bulk order as expected]]>
            </line>
          </reporter-output>
        </test-method> <!-- AddItemtoBulkOrder_Validation -->
        <test-method signature="AddNewLineItem_Validation()[pri:3, instance:SRSproject.SRSproject.BulkOrderPadTest@771a660]" started-at="2022-06-09T17:16:36 IST" name="AddNewLineItem_Validation" finished-at="2022-06-09T17:17:00 IST" duration-ms="24294" status="PASS">
          <reporter-output>
            <line>
              <![CDATA[Items added to bulk order as expected]]>
            </line>
          </reporter-output>
        </test-method> <!-- AddNewLineItem_Validation -->
        <test-method signature="UpdateQunatity_Validation()[pri:4, instance:SRSproject.SRSproject.BulkOrderPadTest@771a660]" started-at="2022-06-09T17:17:00 IST" name="UpdateQunatity_Validation" finished-at="2022-06-09T17:17:02 IST" duration-ms="1172" status="PASS">
          <reporter-output>
            <line>
              <![CDATA[Items added to bulk order as expected]]>
            </line>
          </reporter-output>
        </test-method> <!-- UpdateQunatity_Validation -->
        <test-method signature="AddAll_ItemToCart_Validation()[pri:5, instance:SRSproject.SRSproject.BulkOrderPadTest@771a660]" started-at="2022-06-09T17:17:02 IST" name="AddAll_ItemToCart_Validation" finished-at="2022-06-09T17:17:05 IST" duration-ms="3111" status="PASS">
          <reporter-output>
            <line>
              <![CDATA[Items added to cart]]>
            </line>
          </reporter-output>
        </test-method> <!-- AddAll_ItemToCart_Validation -->
        <test-method signature="ListofItem_Validation()[pri:6, instance:SRSproject.SRSproject.BulkOrderPadTest@771a660]" started-at="2022-06-09T17:17:05 IST" name="ListofItem_Validation" finished-at="2022-06-09T17:17:54 IST" duration-ms="49464" status="PASS">
          <reporter-output>
            <line>
              <![CDATA[Items are uploaded]]>
            </line>
          </reporter-output>
        </test-method> <!-- ListofItem_Validation -->
        <test-method signature="InValid_FileUpload_Validation()[pri:7, instance:SRSproject.SRSproject.BulkOrderPadTest@771a660]" started-at="2022-06-09T17:17:54 IST" name="InValid_FileUpload_Validation" finished-at="2022-06-09T17:18:26 IST" duration-ms="32197" status="FAIL">
          <exception class="org.openqa.selenium.NoSuchElementException">
            <message>
              <![CDATA[no such element: Unable to locate element: {"method":"xpath","selector":"//button[text()='Accept']"}
  (Session info: chrome=101.0.4951.54)
For documentation on this error, please visit: https://www.seleniumhq.org/exceptions/no_such_element.html
Build info: version: '3.141.59', revision: 'e82be7d358', time: '2018-11-14T08:17:03'
System info: host: 'L295-W-MARIRAJP', ip: '192.168.1.5', os.name: 'Windows 10', os.arch: 'amd64', os.version: '10.0', java.version: '17.0.1'
Driver info: org.openqa.selenium.chrome.ChromeDriver
Capabilities {acceptInsecureCerts: false, browserName: chrome, browserVersion: 101.0.4951.54, chrome: {chromedriverVersion: 101.0.4951.41 (93c720db8323..., userDataDir: C:\Users\DELL\AppData\Local...}, goog:chromeOptions: {debuggerAddress: localhost:49690}, javascriptEnabled: true, networkConnectionEnabled: false, pageLoadStrategy: normal, platform: WINDOWS, platformName: WINDOWS, proxy: Proxy(), setWindowRect: true, strictFileInteractability: false, timeouts: {implicit: 0, pageLoad: 300000, script: 30000}, unhandledPromptBehavior: dismiss and notify, webauthn:extension:credBlob: true, webauthn:extension:largeBlob: true, webauthn:virtualAuthenticators: true}
Session ID: e4cb75c986d0c70109b7958416ed4e75
*** Element info: {Using=xpath, value=//button[text()='Accept']}]]>
            </message>
            <full-stacktrace>
              <![CDATA[org.openqa.selenium.NoSuchElementException: no such element: Unable to locate element: {"method":"xpath","selector":"//button[text()='Accept']"}
  (Session info: chrome=101.0.4951.54)
For documentation on this error, please visit: https://www.seleniumhq.org/exceptions/no_such_element.html
Build info: version: '3.141.59', revision: 'e82be7d358', time: '2018-11-14T08:17:03'
System info: host: 'L295-W-MARIRAJP', ip: '192.168.1.5', os.name: 'Windows 10', os.arch: 'amd64', os.version: '10.0', java.version: '17.0.1'
Driver info: org.openqa.selenium.chrome.ChromeDriver
Capabilities {acceptInsecureCerts: false, browserName: chrome, browserVersion: 101.0.4951.54, chrome: {chromedriverVersion: 101.0.4951.41 (93c720db8323..., userDataDir: C:\Users\DELL\AppData\Local...}, goog:chromeOptions: {debuggerAddress: localhost:49690}, javascriptEnabled: true, networkConnectionEnabled: false, pageLoadStrategy: normal, platform: WINDOWS, platformName: WINDOWS, proxy: Proxy(), setWindowRect: true, strictFileInteractability: false, timeouts: {implicit: 0, pageLoad: 300000, script: 30000}, unhandledPromptBehavior: dismiss and notify, webauthn:extension:credBlob: true, webauthn:extension:largeBlob: true, webauthn:virtualAuthenticators: true}
Session ID: e4cb75c986d0c70109b7958416ed4e75
*** Element info: {Using=xpath, value=//button[text()='Accept']}
at java.base/jdk.internal.reflect.NativeConstructorAccessorImpl.newInstance0(Native Method)
at java.base/jdk.internal.reflect.NativeConstructorAccessorImpl.newInstance(NativeConstructorAccessorImpl.java:77)
at java.base/jdk.internal.reflect.DelegatingConstructorAccessorImpl.newInstance(DelegatingConstructorAccessorImpl.java:45)
at java.base/java.lang.reflect.Constructor.newInstanceWithCaller(Constructor.java:499)
at java.base/java.lang.reflect.Constructor.newInstance(Constructor.java:480)
at org.openqa.selenium.remote.http.W3CHttpResponseCodec.createException(W3CHttpResponseCodec.java:187)
at org.openqa.selenium.remote.http.W3CHttpResponseCodec.decode(W3CHttpResponseCodec.java:122)
at org.openqa.selenium.remote.http.W3CHttpResponseCodec.decode(W3CHttpResponseCodec.java:49)
at org.openqa.selenium.remote.HttpCommandExecutor.execute(HttpCommandExecutor.java:158)
at org.openqa.selenium.remote.service.DriverCommandExecutor.execute(DriverCommandExecutor.java:83)
at org.openqa.selenium.remote.RemoteWebDriver.execute(RemoteWebDriver.java:552)
at org.openqa.selenium.remote.RemoteWebDriver.findElement(RemoteWebDriver.java:323)
at org.openqa.selenium.remote.RemoteWebDriver.findElementByXPath(RemoteWebDriver.java:428)
at org.openqa.selenium.By$ByXPath.findElement(By.java:353)
at org.openqa.selenium.remote.RemoteWebDriver.findElement(RemoteWebDriver.java:315)
at org.openqa.selenium.support.pagefactory.DefaultElementLocator.findElement(DefaultElementLocator.java:69)
at org.openqa.selenium.support.pagefactory.internal.LocatingElementHandler.invoke(LocatingElementHandler.java:38)
at jdk.proxy2/jdk.proxy2.$Proxy11.click(Unknown Source)
at Pages.BulkOrderPage.InvalidFileupload(BulkOrderPage.java:249)
at SRSproject.SRSproject.BulkOrderPadTest.InValid_FileUpload_Validation(BulkOrderPadTest.java:132)
at java.base/jdk.internal.reflect.NativeMethodAccessorImpl.invoke0(Native Method)
at java.base/jdk.internal.reflect.NativeMethodAccessorImpl.invoke(NativeMethodAccessorImpl.java:77)
at java.base/jdk.internal.reflect.DelegatingMethodAccessorImpl.invoke(DelegatingMethodAccessorImpl.java:43)
at java.base/java.lang.reflect.Method.invoke(Method.java:568)
at org.testng.internal.MethodInvocationHelper.invokeMethod(MethodInvocationHelper.java:133)
at org.testng.internal.TestInvoker.invokeMethod(TestInvoker.java:598)
at org.testng.internal.TestInvoker.invokeTestMethod(TestInvoker.java:173)
at org.testng.internal.MethodRunner.runInSequence(MethodRunner.java:46)
at org.testng.internal.TestInvoker$MethodInvocationAgent.invoke(TestInvoker.java:824)
at org.testng.internal.TestInvoker.invokeTestMethods(TestInvoker.java:146)
at org.testng.internal.TestMethodWorker.invokeTestMethods(TestMethodWorker.java:146)
at org.testng.internal.TestMethodWorker.run(TestMethodWorker.java:128)
at java.base/java.util.ArrayList.forEach(ArrayList.java:1511)
at org.testng.TestRunner.privateRun(TestRunner.java:794)
at org.testng.TestRunner.run(TestRunner.java:596)
at org.testng.SuiteRunner.runTest(SuiteRunner.java:377)
at org.testng.SuiteRunner.runSequentially(SuiteRunner.java:371)
at org.testng.SuiteRunner.privateRun(SuiteRunner.java:332)
at org.testng.SuiteRunner.run(SuiteRunner.java:276)
at org.testng.SuiteRunnerWorker.runSuite(SuiteRunnerWorker.java:53)
at org.testng.SuiteRunnerWorker.run(SuiteRunnerWorker.java:96)
at org.testng.TestNG.runSuitesSequentially(TestNG.java:1212)
at org.testng.TestNG.runSuitesLocally(TestNG.java:1134)
at org.testng.TestNG.runSuites(TestNG.java:1063)
at org.testng.TestNG.run(TestNG.java:1031)
at org.testng.remote.AbstractRemoteTestNG.run(AbstractRemoteTestNG.java:115)
at org.testng.remote.RemoteTestNG.initAndRun(RemoteTestNG.java:251)
at org.testng.remote.RemoteTestNG.main(RemoteTestNG.java:77)
]]>
            </full-stacktrace>
          </exception> <!-- org.openqa.selenium.NoSuchElementException -->
          <reporter-output>
          </reporter-output>
        </test-method> <!-- InValid_FileUpload_Validation -->
      </class> <!-- SRSproject.SRSproject.BulkOrderPadTest -->
    </test> <!-- Default test -->
  </suite> <!-- Default suite -->
</testng-results>
