<?xml version="1.0" encoding="UTF-8"?>
<testng-results ignored="0" total="9" passed="9" failed="0" skipped="0">
  <reporter-output>
    <line>
      <![CDATA[Items are added from cart to Reorder List selected]]>
    </line>
  </reporter-output>
  <suite started-at="2022-06-28T09:08:18 IST" name="Default suite" finished-at="2022-06-28T09:13:06 IST" duration-ms="287828">
    <groups>
    </groups>
    <test started-at="2022-06-28T09:08:18 IST" name="Default test" finished-at="2022-06-28T09:13:06 IST" duration-ms="287828">
      <class name="SRSproject.SRSproject.ReorderpadEditaccesrightsTest">
        <test-method is-config="true" signature="beforeClass()[pri:0, instance:SRSproject.SRSproject.ReorderpadEditaccesrightsTest@242b836]" started-at="2022-06-28T09:08:18 IST" name="beforeClass" finished-at="2022-06-28T09:08:23 IST" duration-ms="4289" status="PASS">
          <reporter-output>
          </reporter-output>
        </test-method> <!-- beforeClass -->
        <test-method signature="ReorderPage_Redirection()[pri:1, instance:SRSproject.SRSproject.ReorderpadEditaccesrightsTest@242b836]" started-at="2022-06-28T09:08:23 IST" name="ReorderPage_Redirection" description="verify the dashborad the view and edit acces has present " finished-at="2022-06-28T09:08:56 IST" duration-ms="33742" status="PASS">
          <reporter-output>
          </reporter-output>
        </test-method> <!-- ReorderPage_Redirection -->
        <test-method signature="UploadFile_Redirection_add_a_product_using_search()[pri:2, instance:SRSproject.SRSproject.ReorderpadEditaccesrightsTest@242b836]" started-at="2022-06-28T09:08:56 IST" name="UploadFile_Redirection_add_a_product_using_search" finished-at="2022-06-28T09:09:31 IST" duration-ms="34632" status="PASS">
          <reporter-output>
          </reporter-output>
        </test-method> <!-- UploadFile_Redirection_add_a_product_using_search -->
        <test-method signature="SaveAnReorderList_Validation()[pri:3, instance:SRSproject.SRSproject.ReorderpadEditaccesrightsTest@242b836]" started-at="2022-06-28T09:09:31 IST" name="SaveAnReorderList_Validation" description="verify  Delete button is enabled and Save the Reorderpad " finished-at="2022-06-28T09:09:46 IST" duration-ms="15121" status="PASS">
          <reporter-output>
          </reporter-output>
        </test-method> <!-- SaveAnReorderList_Validation -->
        <test-method signature="View_Validation_Reorderpad_to_cart()[pri:4, instance:SRSproject.SRSproject.ReorderpadEditaccesrightsTest@242b836]" started-at="2022-06-28T09:09:46 IST" name="View_Validation_Reorderpad_to_cart" finished-at="2022-06-28T09:10:29 IST" duration-ms="43208" status="PASS">
          <reporter-output>
          </reporter-output>
        </test-method> <!-- View_Validation_Reorderpad_to_cart -->
        <test-method signature="Add_to_Reorder_Pad_in_cartPage()[pri:5, instance:SRSproject.SRSproject.ReorderpadEditaccesrightsTest@242b836]" started-at="2022-06-28T09:10:29 IST" name="Add_to_Reorder_Pad_in_cartPage" description="Add to Reorder Pad option on Cart" finished-at="2022-06-28T09:11:38 IST" duration-ms="69104" status="PASS">
          <reporter-output>
            <line>
              <![CDATA[Items are added from cart to Reorder List selected]]>
            </line>
          </reporter-output>
        </test-method> <!-- Add_to_Reorder_Pad_in_cartPage -->
        <test-method signature="Add_Product_to_ReorderPad_from_PLP()[pri:6, instance:SRSproject.SRSproject.ReorderpadEditaccesrightsTest@242b836]" started-at="2022-06-28T09:11:38 IST" name="Add_Product_to_ReorderPad_from_PLP" description="Add to Reorder Pad option on PLP" finished-at="2022-06-28T09:11:58 IST" duration-ms="19981" status="PASS">
          <reporter-output>
          </reporter-output>
        </test-method> <!-- Add_Product_to_ReorderPad_from_PLP -->
        <test-method signature="Add_Product_to_ReorderPad_from_PDP()[pri:7, instance:SRSproject.SRSproject.ReorderpadEditaccesrightsTest@242b836]" started-at="2022-06-28T09:11:58 IST" name="Add_Product_to_ReorderPad_from_PDP" description="Add to Reorder Pad option on PDP" finished-at="2022-06-28T09:12:19 IST" duration-ms="20471" status="PASS">
          <reporter-output>
          </reporter-output>
        </test-method> <!-- Add_Product_to_ReorderPad_from_PDP -->
        <test-method signature="Add_Product_to_ReorderPad_from_Invoice()[pri:8, instance:SRSproject.SRSproject.ReorderpadEditaccesrightsTest@242b836]" started-at="2022-06-28T09:12:19 IST" name="Add_Product_to_ReorderPad_from_Invoice" description="Add to Reorder Pad option on Invoice " finished-at="2022-06-28T09:12:50 IST" duration-ms="30771" status="PASS">
          <reporter-output>
          </reporter-output>
        </test-method> <!-- Add_Product_to_ReorderPad_from_Invoice -->
        <test-method signature="Add_Product_to_ReorderPad_from_Open_order()[pri:9, instance:SRSproject.SRSproject.ReorderpadEditaccesrightsTest@242b836]" started-at="2022-06-28T09:12:50 IST" name="Add_Product_to_ReorderPad_from_Open_order" description="Add to Reorder Pad option on Openorder" finished-at="2022-06-28T09:13:06 IST" duration-ms="16475" status="PASS">
          <reporter-output>
          </reporter-output>
        </test-method> <!-- Add_Product_to_ReorderPad_from_Open_order -->
      </class> <!-- SRSproject.SRSproject.ReorderpadEditaccesrightsTest -->
    </test> <!-- Default test -->
  </suite> <!-- Default suite -->
</testng-results>
