<?xml version="1.0" encoding="UTF-8"?>
<testng-results ignored="0" total="8" passed="8" failed="0" skipped="0">
  <reporter-output>
  </reporter-output>
  <suite started-at="2022-07-11T14:42:36 IST" name="Default suite" finished-at="2022-07-11T14:45:35 IST" duration-ms="179567">
    <groups>
    </groups>
    <test started-at="2022-07-11T14:42:36 IST" name="Default test" finished-at="2022-07-11T14:45:35 IST" duration-ms="179567">
      <class name="SRSproject.SRSproject.StoreLocatorsPageTest">
        <test-method is-config="true" signature="beforeClass()[pri:0, instance:SRSproject.SRSproject.StoreLocatorsPageTest@2fd1433e]" started-at="2022-07-11T14:42:36 IST" name="beforeClass" finished-at="2022-07-11T14:42:39 IST" duration-ms="3310" status="PASS">
          <reporter-output>
          </reporter-output>
        </test-method> <!-- beforeClass -->
        <test-method signature="AllBranchValidation()[pri:1, instance:SRSproject.SRSproject.StoreLocatorsPageTest@2fd1433e]" started-at="2022-07-11T14:42:39 IST" name="AllBranchValidation" finished-at="2022-07-11T14:43:14 IST" duration-ms="34727" status="PASS">
          <reporter-output>
          </reporter-output>
        </test-method> <!-- AllBranchValidation -->
        <test-method signature="SelectBranch_RedirectionValidation()[pri:2, instance:SRSproject.SRSproject.StoreLocatorsPageTest@2fd1433e]" started-at="2022-07-11T14:43:14 IST" name="SelectBranch_RedirectionValidation" finished-at="2022-07-11T14:43:29 IST" duration-ms="15286" status="PASS">
          <reporter-output>
          </reporter-output>
        </test-method> <!-- SelectBranch_RedirectionValidation -->
        <test-method signature="LocationBasedBranchValidation()[pri:4, instance:SRSproject.SRSproject.StoreLocatorsPageTest@2fd1433e]" started-at="2022-07-11T14:43:29 IST" name="LocationBasedBranchValidation" finished-at="2022-07-11T14:43:42 IST" duration-ms="13119" status="PASS">
          <reporter-output>
          </reporter-output>
        </test-method> <!-- LocationBasedBranchValidation -->
        <test-method signature="ZipcodeBasedBranchValidation()[pri:5, instance:SRSproject.SRSproject.StoreLocatorsPageTest@2fd1433e]" started-at="2022-07-11T14:43:42 IST" name="ZipcodeBasedBranchValidation" finished-at="2022-07-11T14:43:58 IST" duration-ms="15638" status="PASS">
          <reporter-output>
          </reporter-output>
        </test-method> <!-- ZipcodeBasedBranchValidation -->
        <test-method signature="GetDirection_RedirectionValidation()[pri:6, instance:SRSproject.SRSproject.StoreLocatorsPageTest@2fd1433e]" started-at="2022-07-11T14:43:58 IST" name="GetDirection_RedirectionValidation" finished-at="2022-07-11T14:44:16 IST" duration-ms="17663" status="PASS">
          <reporter-output>
          </reporter-output>
        </test-method> <!-- GetDirection_RedirectionValidation -->
        <test-method signature="InValidLocationSearch_Validation()[pri:7, instance:SRSproject.SRSproject.StoreLocatorsPageTest@2fd1433e]" started-at="2022-07-11T14:44:16 IST" name="InValidLocationSearch_Validation" finished-at="2022-07-11T14:44:31 IST" duration-ms="15633" status="PASS">
          <reporter-output>
          </reporter-output>
        </test-method> <!-- InValidLocationSearch_Validation -->
        <test-method signature="ChangeBranchDisplayed_LoggedInUser_Validation()[pri:8, instance:SRSproject.SRSproject.StoreLocatorsPageTest@2fd1433e]" started-at="2022-07-11T14:44:31 IST" name="ChangeBranchDisplayed_LoggedInUser_Validation" finished-at="2022-07-11T14:44:55 IST" duration-ms="23796" status="PASS">
          <reporter-output>
          </reporter-output>
        </test-method> <!-- ChangeBranchDisplayed_LoggedInUser_Validation -->
        <test-method signature="ChangingBranch_Validation()[pri:9, instance:SRSproject.SRSproject.StoreLocatorsPageTest@2fd1433e]" started-at="2022-07-11T14:44:55 IST" name="ChangingBranch_Validation" finished-at="2022-07-11T14:45:35 IST" duration-ms="40355" status="PASS">
          <reporter-output>
          </reporter-output>
        </test-method> <!-- ChangingBranch_Validation -->
      </class> <!-- SRSproject.SRSproject.StoreLocatorsPageTest -->
    </test> <!-- Default test -->
  </suite> <!-- Default suite -->
</testng-results>
