<?xml version="1.0" encoding="UTF-8"?>
<testng-results ignored="0" total="12" passed="12" failed="0" skipped="0">
  <reporter-output>
    <line>
      <![CDATA[Items price is same in PDP and Cart Page i.e Cart Price : 145.58 = PDP Price : 145.58]]>
    </line>
    <line>
      <![CDATA[UOM EA is Present in PLP]]>
    </line>
    <line>
      <![CDATA[Call for Availability Text is Present]]>
    </line>
    <line>
      <![CDATA[Call for Availability is there and Backorder Warning is Present]]>
    </line>
    <line>
      <![CDATA[Items are added from cart to Reorder List selected]]>
    </line>
    <line>
      <![CDATA[Items are added from cart to Reorder List selected]]>
    </line>
  </reporter-output>
  <suite started-at="2022-07-06T17:53:02 IST" name="Default suite" finished-at="2022-07-06T17:57:42 IST" duration-ms="280390">
    <groups>
    </groups>
    <test started-at="2022-07-06T17:53:02 IST" name="Default test" finished-at="2022-07-06T17:57:42 IST" duration-ms="280390">
      <class name="SRSproject.SRSproject.CartPageTest">
        <test-method is-config="true" signature="beforeClass()[pri:0, instance:SRSproject.SRSproject.CartPageTest@3f6f6701]" started-at="2022-07-06T17:53:02 IST" name="beforeClass" finished-at="2022-07-06T17:53:05 IST" duration-ms="3393" status="PASS">
          <reporter-output>
          </reporter-output>
        </test-method> <!-- beforeClass -->
        <test-method signature="MiniCartToCartPage_Redirection()[pri:1, instance:SRSproject.SRSproject.CartPageTest@3f6f6701]" started-at="2022-07-06T17:53:05 IST" name="MiniCartToCartPage_Redirection" description="Minicart to cartpage redirection" finished-at="2022-07-06T17:53:46 IST" duration-ms="40705" status="PASS">
          <reporter-output>
          </reporter-output>
        </test-method> <!-- MiniCartToCartPage_Redirection -->
        <test-method signature="ProductInformationValidation()[pri:2, instance:SRSproject.SRSproject.CartPageTest@3f6f6701]" started-at="2022-07-06T17:53:46 IST" name="ProductInformationValidation" description="Pricing validaiton" finished-at="2022-07-06T17:54:10 IST" duration-ms="24284" status="PASS">
          <reporter-output>
            <line>
              <![CDATA[Items price is same in PDP and Cart Page i.e Cart Price : 145.58 = PDP Price : 145.58]]>
            </line>
          </reporter-output>
        </test-method> <!-- ProductInformationValidation -->
        <test-method signature="CartSubtotalValidationfn()[pri:3, instance:SRSproject.SRSproject.CartPageTest@3f6f6701]" started-at="2022-07-06T17:54:10 IST" name="CartSubtotalValidationfn" description="Subtotal validation" finished-at="2022-07-06T17:54:13 IST" duration-ms="2248" status="PASS">
          <reporter-output>
          </reporter-output>
        </test-method> <!-- CartSubtotalValidationfn -->
        <test-method signature="CartUpdateValidation()[pri:4, instance:SRSproject.SRSproject.CartPageTest@3f6f6701]" started-at="2022-07-06T17:54:13 IST" name="CartUpdateValidation" description="Updating cart Validation" finished-at="2022-07-06T17:54:21 IST" duration-ms="8174" status="PASS">
          <reporter-output>
          </reporter-output>
        </test-method> <!-- CartUpdateValidation -->
        <test-method signature="UOM_Validation()[pri:5, instance:SRSproject.SRSproject.CartPageTest@3f6f6701]" started-at="2022-07-06T17:54:21 IST" name="UOM_Validation" description="UOM displayed for the product" finished-at="2022-07-06T17:54:28 IST" duration-ms="7029" status="PASS">
          <reporter-output>
            <line>
              <![CDATA[UOM EA is Present in PLP]]>
            </line>
          </reporter-output>
        </test-method> <!-- UOM_Validation -->
        <test-method signature="AddItemToCart_Validation()[pri:6, instance:SRSproject.SRSproject.CartPageTest@3f6f6701]" started-at="2022-07-06T17:54:28 IST" name="AddItemToCart_Validation" description="Adding item to cart using search option in cart page" finished-at="2022-07-06T17:55:31 IST" duration-ms="63282" status="PASS">
          <reporter-output>
          </reporter-output>
        </test-method> <!-- AddItemToCart_Validation -->
        <test-method signature="Inventory_Count()[pri:6, instance:SRSproject.SRSproject.CartPageTest@3f6f6701]" started-at="2022-07-06T17:55:31 IST" name="Inventory_Count" description="Inventory Count" finished-at="2022-07-06T17:55:31 IST" duration-ms="35" status="PASS">
          <reporter-output>
            <line>
              <![CDATA[Call for Availability Text is Present]]>
            </line>
          </reporter-output>
        </test-method> <!-- Inventory_Count -->
        <test-method signature="Backorder_Warning()[pri:7, instance:SRSproject.SRSproject.CartPageTest@3f6f6701]" started-at="2022-07-06T17:55:31 IST" name="Backorder_Warning" description="BackOrder Warning" finished-at="2022-07-06T17:55:34 IST" duration-ms="3045" status="PASS">
          <reporter-output>
            <line>
              <![CDATA[Call for Availability is there and Backorder Warning is Present]]>
            </line>
          </reporter-output>
        </test-method> <!-- Backorder_Warning -->
        <test-method signature="Leagacy_PartNo_Validation()[pri:7, instance:SRSproject.SRSproject.CartPageTest@3f6f6701]" started-at="2022-07-06T17:55:34 IST" name="Leagacy_PartNo_Validation" description="Adding item to cart using legacy part no search" finished-at="2022-07-06T17:56:01 IST" duration-ms="26698" status="PASS">
          <reporter-output>
          </reporter-output>
        </test-method> <!-- Leagacy_PartNo_Validation -->
        <test-method signature="QuatityCount_Displayed_Validation()[pri:8, instance:SRSproject.SRSproject.CartPageTest@3f6f6701]" started-at="2022-07-06T17:56:01 IST" name="QuatityCount_Displayed_Validation" description="Quatity Count displayed above table" finished-at="2022-07-06T17:56:01 IST" duration-ms="60" status="PASS">
          <reporter-output>
          </reporter-output>
        </test-method> <!-- QuatityCount_Displayed_Validation -->
        <test-method signature="Reorder_Validation()[pri:9, instance:SRSproject.SRSproject.CartPageTest@3f6f6701]" started-at="2022-07-06T17:56:01 IST" name="Reorder_Validation" description="Adding items to an reorder list" finished-at="2022-07-06T17:56:24 IST" duration-ms="23246" status="PASS">
          <reporter-output>
            <line>
              <![CDATA[Items are added from cart to Reorder List selected]]>
            </line>
          </reporter-output>
        </test-method> <!-- Reorder_Validation -->
        <test-method signature="AddItemToCart_ValidationTo_Reorder()[pri:10, instance:SRSproject.SRSproject.CartPageTest@3f6f6701]" started-at="2022-07-06T17:56:24 IST" name="AddItemToCart_ValidationTo_Reorder" description="Adding item  cart to reorder validate the item will be added or nt  " finished-at="2022-07-06T17:57:42 IST" duration-ms="77971" status="PASS">
          <reporter-output>
            <line>
              <![CDATA[Items are added from cart to Reorder List selected]]>
            </line>
          </reporter-output>
        </test-method> <!-- AddItemToCart_ValidationTo_Reorder -->
        <test-method is-config="true" signature="tearDown()[pri:0, instance:SRSproject.SRSproject.CartPageTest@3f6f6701]" started-at="2022-07-06T17:57:42 IST" name="tearDown" finished-at="2022-07-06T17:57:42 IST" duration-ms="184" status="PASS">
          <reporter-output>
          </reporter-output>
        </test-method> <!-- tearDown -->
      </class> <!-- SRSproject.SRSproject.CartPageTest -->
    </test> <!-- Default test -->
  </suite> <!-- Default suite -->
</testng-results>
