<?xml version="1.0" encoding="UTF-8"?>
<testng-results ignored="0" total="7" passed="6" failed="1" skipped="0">
  <reporter-output>
  </reporter-output>
  <suite started-at="2022-07-12T10:10:46 IST" name="Default suite" finished-at="2022-07-12T10:14:29 IST" duration-ms="223068">
    <groups>
    </groups>
    <test started-at="2022-07-12T10:10:46 IST" name="Default test" finished-at="2022-07-12T10:14:29 IST" duration-ms="223068">
      <class name="SRSproject.SRSproject.OpenOrderTest">
        <test-method is-config="true" signature="beforeClass()[pri:0, instance:SRSproject.SRSproject.OpenOrderTest@446293d]" started-at="2022-07-12T10:10:46 IST" name="beforeClass" finished-at="2022-07-12T10:10:51 IST" duration-ms="4191" status="PASS">
          <reporter-output>
          </reporter-output>
        </test-method> <!-- beforeClass -->
        <test-method signature="OpenOrder_Redirection()[pri:1, instance:SRSproject.SRSproject.OpenOrderTest@446293d]" started-at="2022-07-12T10:10:51 IST" name="OpenOrder_Redirection" description="Validating Open order redirection on selection" finished-at="2022-07-12T10:11:24 IST" duration-ms="33248" status="PASS">
          <reporter-output>
          </reporter-output>
        </test-method> <!-- OpenOrder_Redirection -->
        <test-method signature="OpenOrder_Listing()[pri:3, instance:SRSproject.SRSproject.OpenOrderTest@446293d]" started-at="2022-07-12T10:11:24 IST" name="OpenOrder_Listing" description="Validating that open order are listed and its not empty" finished-at="2022-07-12T10:11:34 IST" duration-ms="10137" status="PASS">
          <reporter-output>
          </reporter-output>
        </test-method> <!-- OpenOrder_Listing -->
        <test-method signature="Selecting_Openorder()[pri:4, instance:SRSproject.SRSproject.OpenOrderTest@446293d]" started-at="2022-07-12T10:11:34 IST" name="Selecting_Openorder" description="Selecting orders and verifying that those are listed in view orders page " finished-at="2022-07-12T10:11:56 IST" duration-ms="21857" status="PASS">
          <reporter-output>
          </reporter-output>
        </test-method> <!-- Selecting_Openorder -->
        <test-method signature="OpenOrder_SecondPage_Listing()[pri:5, instance:SRSproject.SRSproject.OpenOrderTest@446293d]" started-at="2022-07-12T10:11:56 IST" name="OpenOrder_SecondPage_Listing" description="Selecting order and clicking view order in second page if it exist" finished-at="2022-07-12T10:12:16 IST" duration-ms="20471" status="FAIL">
          <exception class="java.lang.AssertionError">
            <message>
              <![CDATA[expected [1] but found [0]]]>
            </message>
            <full-stacktrace>
              <![CDATA[java.lang.AssertionError: expected [1] but found [0]
at org.testng.Assert.fail(Assert.java:99)
at org.testng.Assert.failNotEquals(Assert.java:1037)
at org.testng.Assert.assertEqualsImpl(Assert.java:140)
at org.testng.Assert.assertEquals(Assert.java:122)
at org.testng.Assert.assertEquals(Assert.java:907)
at org.testng.Assert.assertEquals(Assert.java:917)
at SRSproject.SRSproject.OpenOrderTest.OpenOrder_SecondPage_Listing(OpenOrderTest.java:179)
at java.base/jdk.internal.reflect.NativeMethodAccessorImpl.invoke0(Native Method)
at java.base/jdk.internal.reflect.NativeMethodAccessorImpl.invoke(NativeMethodAccessorImpl.java:77)
at java.base/jdk.internal.reflect.DelegatingMethodAccessorImpl.invoke(DelegatingMethodAccessorImpl.java:43)
at java.base/java.lang.reflect.Method.invoke(Method.java:568)
at org.testng.internal.MethodInvocationHelper.invokeMethod(MethodInvocationHelper.java:132)
at org.testng.internal.TestInvoker.invokeMethod(TestInvoker.java:599)
at org.testng.internal.TestInvoker.invokeTestMethod(TestInvoker.java:174)
at org.testng.internal.MethodRunner.runInSequence(MethodRunner.java:46)
at org.testng.internal.TestInvoker$MethodInvocationAgent.invoke(TestInvoker.java:822)
at org.testng.internal.TestInvoker.invokeTestMethods(TestInvoker.java:147)
at org.testng.internal.TestMethodWorker.invokeTestMethods(TestMethodWorker.java:146)
at org.testng.internal.TestMethodWorker.run(TestMethodWorker.java:128)
at java.base/java.util.ArrayList.forEach(ArrayList.java:1511)
at org.testng.TestRunner.privateRun(TestRunner.java:764)
at org.testng.TestRunner.run(TestRunner.java:585)
at org.testng.SuiteRunner.runTest(SuiteRunner.java:384)
at org.testng.SuiteRunner.runSequentially(SuiteRunner.java:378)
at org.testng.SuiteRunner.privateRun(SuiteRunner.java:337)
at org.testng.SuiteRunner.run(SuiteRunner.java:286)
at org.testng.SuiteRunnerWorker.runSuite(SuiteRunnerWorker.java:53)
at org.testng.SuiteRunnerWorker.run(SuiteRunnerWorker.java:96)
at org.testng.TestNG.runSuitesSequentially(TestNG.java:1218)
at org.testng.TestNG.runSuitesLocally(TestNG.java:1140)
at org.testng.TestNG.runSuites(TestNG.java:1069)
at org.testng.TestNG.run(TestNG.java:1037)
at org.testng.remote.AbstractRemoteTestNG.run(AbstractRemoteTestNG.java:115)
at org.testng.remote.RemoteTestNG.initAndRun(RemoteTestNG.java:251)
at org.testng.remote.RemoteTestNG.main(RemoteTestNG.java:77)
]]>
            </full-stacktrace>
          </exception> <!-- java.lang.AssertionError -->
          <reporter-output>
          </reporter-output>
        </test-method> <!-- OpenOrder_SecondPage_Listing -->
        <test-method signature="Download_Validation()[pri:6, instance:SRSproject.SRSproject.OpenOrderTest@446293d]" started-at="2022-07-12T10:12:16 IST" name="Download_Validation" description="Verifying whether on clicking download the file is getting downloaded" finished-at="2022-07-12T10:13:22 IST" duration-ms="65288" status="PASS">
          <reporter-output>
          </reporter-output>
        </test-method> <!-- Download_Validation -->
        <test-method signature="DownlodFileInvoiceXL()[pri:7, instance:SRSproject.SRSproject.OpenOrderTest@446293d]" started-at="2022-07-12T10:13:22 IST" name="DownlodFileInvoiceXL" finished-at="2022-07-12T10:14:16 IST" duration-ms="54518" status="PASS">
          <reporter-output>
          </reporter-output>
        </test-method> <!-- DownlodFileInvoiceXL -->
        <test-method signature="Paritaal_invoiced()[pri:9, instance:SRSproject.SRSproject.OpenOrderTest@446293d]" started-at="2022-07-12T10:14:16 IST" name="Paritaal_invoiced" description="Open Backorders" finished-at="2022-07-12T10:14:29 IST" duration-ms="13183" status="PASS">
          <reporter-output>
          </reporter-output>
        </test-method> <!-- Paritaal_invoiced -->
        <test-method is-config="true" signature="tearDown()[pri:0, instance:SRSproject.SRSproject.OpenOrderTest@446293d]" started-at="2022-07-12T10:14:29 IST" name="tearDown" finished-at="2022-07-12T10:14:29 IST" duration-ms="141" status="PASS">
          <reporter-output>
          </reporter-output>
        </test-method> <!-- tearDown -->
      </class> <!-- SRSproject.SRSproject.OpenOrderTest -->
    </test> <!-- Default test -->
  </suite> <!-- Default suite -->
</testng-results>
